0 info it worked if it ends with ok
1 verbose cli [ 'c:\\Program Files (x86)\\nodejs\\node.exe',
1 verbose cli   'c:\\Program Files (x86)\\nodejs\\node_modules\\npm\\bin\\npm-cli.js',
1 verbose cli   'install' ]
2 info using npm@1.4.9
3 info using node@v0.10.28
4 verbose readDependencies using package.json deps
5 verbose install where, deps [ 'c:\\craftia-moie\\craftia',
5 verbose install   [ 'async',
5 verbose install     'bcrypt-nodejs',
5 verbose install     'bower',
5 verbose install     'coffee-script',
5 verbose install     'colors',
5 verbose install     'connect-flash',
5 verbose install     'express',
5 verbose install     'express-validator',
5 verbose install     'express3-handlebars',
5 verbose install     'glob',
5 verbose install     'gulp',
5 verbose install     'gulp-coffee',
5 verbose install     'gulp-concat',
5 verbose install     'gulp-rename',
5 verbose install     'gulp-sourcemaps',
5 verbose install     'gulp-uglify',
5 verbose install     'gulp-util',
5 verbose install     'lz-string',
5 verbose install     'mkdirp',
5 verbose install     'mongoose',
5 verbose install     'passport',
5 verbose install     'passport-local',
5 verbose install     'underscore',
5 verbose install     'wrench',
5 verbose install     'gulp-git',
5 verbose install     'archiver',
5 verbose install     'rimraf',
5 verbose install     'unzip',
5 verbose install     'node-notifier' ] ]
6 info preinstall craftia@0.0.1-28
7 verbose readDependencies using package.json deps
8 verbose already installed skipping async@0.9.0 c:\craftia-moie\craftia
9 verbose already installed skipping bcrypt-nodejs@0.0.3 c:\craftia-moie\craftia
10 verbose already installed skipping bower@^1.3.5 c:\craftia-moie\craftia
11 verbose already installed skipping coffee-script@^1.7.1 c:\craftia-moie\craftia
12 verbose already installed skipping colors@^0.6.2 c:\craftia-moie\craftia
13 verbose already installed skipping connect-flash@0.1.1 c:\craftia-moie\craftia
14 verbose already installed skipping express@3.* c:\craftia-moie\craftia
15 verbose already installed skipping express-validator@2.3.0 c:\craftia-moie\craftia
16 verbose already installed skipping express3-handlebars@0.5.0 c:\craftia-moie\craftia
17 verbose already installed skipping glob@^4.0.2 c:\craftia-moie\craftia
18 verbose already installed skipping gulp@^3.8.0 c:\craftia-moie\craftia
19 verbose already installed skipping gulp-coffee@^2.0.1 c:\craftia-moie\craftia
20 verbose already installed skipping gulp-concat@^2.2.0 c:\craftia-moie\craftia
21 verbose already installed skipping gulp-rename@^1.2.0 c:\craftia-moie\craftia
22 verbose already installed skipping gulp-sourcemaps@^0.4.1 c:\craftia-moie\craftia
23 verbose already installed skipping gulp-uglify@^0.3.1 c:\craftia-moie\craftia
24 verbose already installed skipping gulp-util@^2.2.17 c:\craftia-moie\craftia
25 verbose already installed skipping lz-string@^1.3.3 c:\craftia-moie\craftia
26 verbose already installed skipping mkdirp@^0.5.0 c:\craftia-moie\craftia
27 verbose already installed skipping mongoose@3.8.12 c:\craftia-moie\craftia
28 verbose already installed skipping passport@0.2.0 c:\craftia-moie\craftia
29 verbose already installed skipping passport-local@1.0.0 c:\craftia-moie\craftia
30 verbose already installed skipping underscore@^1.6.0 c:\craftia-moie\craftia
31 verbose already installed skipping wrench@1.5.8 c:\craftia-moie\craftia
32 verbose already installed skipping gulp-git@^0.4.3 c:\craftia-moie\craftia
33 verbose already installed skipping archiver@^0.10.1 c:\craftia-moie\craftia
34 verbose already installed skipping rimraf@^2.2.8 c:\craftia-moie\craftia
35 verbose already installed skipping unzip@^0.1.9 c:\craftia-moie\craftia
36 verbose cache add [ 'node-notifier@^3.0.6', null ]
37 verbose cache add name=undefined spec="node-notifier@^3.0.6" args=["node-notifier@^3.0.6",null]
38 verbose parsed url { protocol: null,
38 verbose parsed url   slashes: null,
38 verbose parsed url   auth: null,
38 verbose parsed url   host: null,
38 verbose parsed url   port: null,
38 verbose parsed url   hostname: null,
38 verbose parsed url   hash: null,
38 verbose parsed url   search: null,
38 verbose parsed url   query: null,
38 verbose parsed url   pathname: 'node-notifier@^3.0.6',
38 verbose parsed url   path: 'node-notifier@^3.0.6',
38 verbose parsed url   href: 'node-notifier@^3.0.6' }
39 verbose cache add name="node-notifier" spec="^3.0.6" args=["node-notifier","^3.0.6"]
40 verbose parsed url { protocol: null,
40 verbose parsed url   slashes: null,
40 verbose parsed url   auth: null,
40 verbose parsed url   host: null,
40 verbose parsed url   port: null,
40 verbose parsed url   hostname: null,
40 verbose parsed url   hash: null,
40 verbose parsed url   search: null,
40 verbose parsed url   query: null,
40 verbose parsed url   pathname: '^3.0.6',
40 verbose parsed url   path: '^3.0.6',
40 verbose parsed url   href: '^3.0.6' }
41 verbose addNamed [ 'node-notifier', '^3.0.6' ]
42 verbose addNamed [ null, '>=3.0.6-0 <4.0.0-0' ]
43 silly lockFile 19b6f9a7-node-notifier-3-0-6 node-notifier@^3.0.6
44 verbose lock node-notifier@^3.0.6 C:\Users\Goran\AppData\Roaming\npm-cache\19b6f9a7-node-notifier-3-0-6.lock
45 silly addNameRange { name: 'node-notifier',
45 silly addNameRange   range: '>=3.0.6-0 <4.0.0-0',
45 silly addNameRange   hasData: false }
46 verbose url raw node-notifier
47 verbose url resolving [ 'https://registry.npmjs.org/', './node-notifier' ]
48 verbose url resolved https://registry.npmjs.org/node-notifier
49 info trying registry request attempt 1 at 00:33:42
50 http GET https://registry.npmjs.org/node-notifier
51 http 200 https://registry.npmjs.org/node-notifier
52 silly registry.get cb [ 200,
52 silly registry.get   { date: 'Thu, 03 Jul 2014 22:33:54 GMT',
52 silly registry.get     server: 'CouchDB/1.5.0 (Erlang OTP/R14B04)',
52 silly registry.get     etag: '"B0AT8ZPUSUXSAB2L6VRIANHSQ"',
52 silly registry.get     'content-type': 'application/json',
52 silly registry.get     'cache-control': 'max-age=30',
52 silly registry.get     'content-length': '31507',
52 silly registry.get     'accept-ranges': 'bytes',
52 silly registry.get     via: '1.1 varnish',
52 silly registry.get     age: '0',
52 silly registry.get     'x-served-by': 'cache-fra1231-FRA',
52 silly registry.get     'x-cache': 'MISS',
52 silly registry.get     'x-cache-hits': '0',
52 silly registry.get     'x-timer': 'S1404426834.038349,VS0,VE343',
52 silly registry.get     vary: 'Accept',
52 silly registry.get     'keep-alive': 'timeout=10, max=50',
52 silly registry.get     connection: 'Keep-Alive' } ]
53 silly addNameRange number 2 { name: 'node-notifier',
53 silly addNameRange   range: '>=3.0.6-0 <4.0.0-0',
53 silly addNameRange   hasData: true }
54 silly addNameRange versions [ 'node-notifier',
54 silly addNameRange   [ '0.0.1',
54 silly addNameRange     '0.0.2',
54 silly addNameRange     '0.5.0',
54 silly addNameRange     '1.0.0-beta',
54 silly addNameRange     '1.0.0-beta2',
54 silly addNameRange     '1.1.0',
54 silly addNameRange     '1.1.1-1',
54 silly addNameRange     '1.1.1-2',
54 silly addNameRange     '1.1.2-0',
54 silly addNameRange     '1.2.0',
54 silly addNameRange     '1.2.1',
54 silly addNameRange     '2.0.0-alpha',
54 silly addNameRange     '2.0.1',
54 silly addNameRange     '2.0.2',
54 silly addNameRange     '2.0.3',
54 silly addNameRange     '2.0.4',
54 silly addNameRange     '2.0.5',
54 silly addNameRange     '2.0.6',
54 silly addNameRange     '3.0.0',
54 silly addNameRange     '3.0.1',
54 silly addNameRange     '3.0.2',
54 silly addNameRange     '3.0.3',
54 silly addNameRange     '3.0.4',
54 silly addNameRange     '3.0.6' ] ]
55 verbose addNamed [ 'node-notifier', '3.0.6' ]
56 verbose addNamed [ '3.0.6', '3.0.6' ]
57 silly lockFile 17e3bec0-node-notifier-3-0-6 node-notifier@3.0.6
58 verbose lock node-notifier@3.0.6 C:\Users\Goran\AppData\Roaming\npm-cache\17e3bec0-node-notifier-3-0-6.lock
59 silly lockFile 8b625be9-notifier-node-notifier-3-0-6-tgz https://registry.npmjs.org/node-notifier/-/node-notifier-3.0.6.tgz
60 verbose lock https://registry.npmjs.org/node-notifier/-/node-notifier-3.0.6.tgz C:\Users\Goran\AppData\Roaming\npm-cache\8b625be9-notifier-node-notifier-3-0-6-tgz.lock
61 verbose addRemoteTarball [ 'https://registry.npmjs.org/node-notifier/-/node-notifier-3.0.6.tgz',
61 verbose addRemoteTarball   'ac21eeb74ef245d54255f84e7b302e948a559b76' ]
62 info retry fetch attempt 1 at 00:33:42
63 verbose fetch to= C:\Users\Goran\AppData\Local\Temp\npm-6284-j1Wdv1Dj\1404426822813-0.7616432989016175\tmp.tgz
64 http GET https://registry.npmjs.org/node-notifier/-/node-notifier-3.0.6.tgz
65 http 200 https://registry.npmjs.org/node-notifier/-/node-notifier-3.0.6.tgz
66 verbose tar unpack C:\Users\Goran\AppData\Local\Temp\npm-6284-j1Wdv1Dj\1404426822813-0.7616432989016175\tmp.tgz
67 silly lockFile 49e17094-ache-node-notifier-3-0-6-package tar://C:\Users\Goran\AppData\Roaming\npm-cache\node-notifier\3.0.6\package
68 verbose lock tar://C:\Users\Goran\AppData\Roaming\npm-cache\node-notifier\3.0.6\package C:\Users\Goran\AppData\Roaming\npm-cache\49e17094-ache-node-notifier-3-0-6-package.lock
69 silly lockFile b1e12d33-22813-0-7616432989016175-tmp-tgz tar://C:\Users\Goran\AppData\Local\Temp\npm-6284-j1Wdv1Dj\1404426822813-0.7616432989016175\tmp.tgz
70 verbose lock tar://C:\Users\Goran\AppData\Local\Temp\npm-6284-j1Wdv1Dj\1404426822813-0.7616432989016175\tmp.tgz C:\Users\Goran\AppData\Roaming\npm-cache\b1e12d33-22813-0-7616432989016175-tmp-tgz.lock
71 silly gunzTarPerm modes [ '755', '644' ]
72 silly gunzTarPerm extractEntry package.json
73 silly gunzTarPerm extractEntry .npmignore
74 silly gunzTarPerm extractEntry README.md
75 silly gunzTarPerm extractEntry index.js
76 silly gunzTarPerm extractEntry .travis.yml
77 silly gunzTarPerm extractEntry DEPRECATED.md
78 silly gunzTarPerm extractEntry example/advanced.js
79 silly gunzTarPerm extractEntry example/message.js
80 silly gunzTarPerm extractEntry example/coulson.jpg
81 silly gunzTarPerm extractEntry lib/utils.js
82 silly gunzTarPerm extractEntry lib/notifiers/growl.js
83 silly gunzTarPerm extractEntry lib/notifiers/notify-send.js
84 silly gunzTarPerm extractEntry lib/notifiers/terminal-notifier.js
85 silly gunzTarPerm extractEntry test/notify-send.js
86 silly gunzTarPerm extractEntry test/terminal-notifier.js
87 silly gunzTarPerm extractEntry test/utils.js
88 silly gunzTarPerm extractEntry test/fixture/coulson.jpg
89 silly gunzTarPerm extractEntry test/fixture/listAll.txt
90 silly gunzTarPerm extractEntry test/fixture/removeAll.txt
91 silly gunzTarPerm extractEntry vendor/terminal-notifier.app/Contents/Info.plist
92 silly gunzTarPerm extractEntry vendor/terminal-notifier.app/Contents/MacOS/terminal-notifier
93 silly gunzTarPerm extractEntry vendor/terminal-notifier.app/Contents/PkgInfo
94 silly gunzTarPerm extractEntry vendor/terminal-notifier.app/Contents/Resources/Terminal.icns
95 silly gunzTarPerm extractEntry vendor/terminal-notifier.app/Contents/Resources/en.lproj/Credits.rtf
96 silly gunzTarPerm extractEntry vendor/terminal-notifier.app/Contents/Resources/en.lproj/InfoPlist.strings
97 silly gunzTarPerm extractEntry vendor/terminal-notifier.app/Contents/Resources/en.lproj/MainMenu.nib
98 silly lockFile 49e17094-ache-node-notifier-3-0-6-package tar://C:\Users\Goran\AppData\Roaming\npm-cache\node-notifier\3.0.6\package
99 silly lockFile 49e17094-ache-node-notifier-3-0-6-package tar://C:\Users\Goran\AppData\Roaming\npm-cache\node-notifier\3.0.6\package
100 silly lockFile b1e12d33-22813-0-7616432989016175-tmp-tgz tar://C:\Users\Goran\AppData\Local\Temp\npm-6284-j1Wdv1Dj\1404426822813-0.7616432989016175\tmp.tgz
101 silly lockFile b1e12d33-22813-0-7616432989016175-tmp-tgz tar://C:\Users\Goran\AppData\Local\Temp\npm-6284-j1Wdv1Dj\1404426822813-0.7616432989016175\tmp.tgz
102 silly lockFile 8b625be9-notifier-node-notifier-3-0-6-tgz https://registry.npmjs.org/node-notifier/-/node-notifier-3.0.6.tgz
103 silly lockFile 8b625be9-notifier-node-notifier-3-0-6-tgz https://registry.npmjs.org/node-notifier/-/node-notifier-3.0.6.tgz
104 silly lockFile 17e3bec0-node-notifier-3-0-6 node-notifier@3.0.6
105 silly lockFile 17e3bec0-node-notifier-3-0-6 node-notifier@3.0.6
106 silly lockFile 19b6f9a7-node-notifier-3-0-6 node-notifier@^3.0.6
107 silly lockFile 19b6f9a7-node-notifier-3-0-6 node-notifier@^3.0.6
108 silly resolved [ { name: 'node-notifier',
108 silly resolved     version: '3.0.6',
108 silly resolved     description: 'A Node.js module for sending notifications on mac, windows and linux',
108 silly resolved     main: 'index.js',
108 silly resolved     directories: { example: 'example' },
108 silly resolved     scripts: { test: 'mocha -R spec' },
108 silly resolved     repository:
108 silly resolved      { type: 'git',
108 silly resolved        url: 'git@github.com:mikaelbr/node-notifier.git' },
108 silly resolved     keywords:
108 silly resolved      [ 'notification center',
108 silly resolved        'mac os x 10.8',
108 silly resolved        'notify',
108 silly resolved        'terminal-notifier',
108 silly resolved        'notify-send',
108 silly resolved        'growl' ],
108 silly resolved     author: { name: 'Mikael Brevik' },
108 silly resolved     license: 'MIT',
108 silly resolved     devDependencies: { mocha: '~1.7.4', should: '~1.2.1' },
108 silly resolved     dependencies: { which: '~1.0.5', growler: '0.0.1', shellwords: '~0.1.0' },
108 silly resolved     readme: '# node-notifier [![NPM version][npm-image]][npm-url] [![Build Status][travis-image]][travis-url] [![Dependency Status][depstat-image]][depstat-url]\n\nA node module for sending notification using node. Uses terminal-notifier on mac,\nnotify-send for Linux and growl for others.\n\nFor mac this is a wrapper for the\n[terminal-notifier](https://github.com/alloy/terminal-notifier) application by\n[Eloy Durán](https://github.com/alloy).\n\n## Requirements\n- Mac OS X (>= 10.8)\n- Linux with the notify-send module\n- Or Growl on Windows\n\nIf using Linux, `notify-send` must be installed on your system.\nHowever, [terminal-notifier](https://github.com/alloy/terminal-notifier), comes\nbundled in the module. So on Mac, not additional installations is necessary.\n\nIf using Windows/Growl, `growl` must be installed. For windows see\n[Growl for Windows](http://www.growlforwindows.com/gfw/). You can also use\ngrowl on mac, but you need to specify this manually (see API).\n\nBy default Notification Center will be used on Mac, notify-send will be used\non Linux, and Growl will be used if neither Mac 10.8 or Linux.\n\n## Install\n```\n$ npm install node-notifier\n```\n\n## Standard Usage\n```javascript\nvar Notification = require(\'node-notifier\');\n\nvar notifier = new Notification();\nnotifier.notify({\n\tmessage: \'Hello World\'\n});\n```\n\n`Notification` also has specifications for all types of notifications, to be used\nmanually.\n\nExample:\n```javascript\nvar nn = require(\'node-notifier\');\n\nnew nn.NotificationCenter().notify();\nnew nn.NotifySend().notify();\nnew nn.Growl().notify(options);\n```\n\n### Mapping between notifiers\nCommon options between the modules (i.e. `icon`) is mapped. This means,\nif you are using a Mac and someone on your project is using Linux, you\ncan both see icons.\n\n\n## Usage NotificationCenter\n\nSame usage and parameter setup as [terminal-notifier](https://github.com/alloy/terminal-notifier).\n\n---\n\n### Note: Output parsing from Notification Center is deprecated as of `3.0.0`.\n\n**Parsing of output given by terminal-notifier is removed as of node-notifier `3.0.0`.**\nYou can still use both `remove` and `list` but the output given will not be parsed into a object.\n\nSee removed documentation for pre version `3.0.0` in [Deprecated documentation](DEPRECATED.md)\n\n---\n\n\n### Example\n\nWhere [terminal-notifier](https://github.com/alloy/terminal-notifier) say to use the ```-message``` option, you can do this in node-notifier\n\n```javascript\nvar Notification = require(\'node-notifier\');\n\nvar notifier = new Notification();\nnotifier.notify({\n\tmessage: \'Hello World\'\n});\n```\n\nYou can specify the second argument as a callback for getting ```error``` and ```response```.\n\n```javascript\nvar Notification = require(\'node-notifier\');\n\nvar notifier = new Notification();\nnotifier.notify({\n\ttitle: \'My application\',\n\tmessage: \'New notification\'\n}, function(error, response) {\n\tconsole.log(response);\n});\n```\n\nAs of version `3.0.0`, you can also specify image used as icon or content image. **For Mac OS notifications, requires 10.9.**\n\n\n```javascript\n\nnotifier.notify({\n  "title": "Phil Coulson",\n  "subtitle": "Agent of S.H.I.E.L.D.",\n  "message": "If I come out, will you shoot me? \'Cause then I won\'t come out.",\n  "sound": "Funk", // case sensitive\n  "contentImage": __dirname + "/coulson.jpg",\n  "appIcon": __dirname + "/coulson.jpg",\n  "open": "file://" + __dirname + "/coulson.jpg"\n});\n\n```\n\nSee [terminal-notifier](https://github.com/alloy/terminal-notifier) for more options.\n\n## Usage NotifySend\n\n```javascript\nvar Notification = require(\'node-notifier\');\n\nvar notifier = new Notification();\nnotifier.notify({\n\ttitle: \'Foo\',\n\tmessage: \'Hello World\',\n  icon: __dirname + "/coulson.jpg",\n\t// .. and other notify-send flags\n});\n```\n\nSee flags and options [on the man pages](http://manpages.ubuntu.com/manpages/gutsy/man1/notify-send.1.html)\n\n## Usage Growl\n\n```javascript\nvar Notification = require(\'node-notifier\');\n\nvar notifier = new Notification({\n\t// Options as passed to Growler\n});\nnotifier.notify({\n\ttitle: \'Foo\',\n\tmessage: \'Hello World\',\n  icon: fs.readFileSync(__dirname + "/coulson.jpg")\n\t// and other growl options like sticky etc.\n});\n```\n\nSee more information for constructor options in\n[growler](https://github.com/betamos/Node-Growler/).\n\n\n## Changelog\n\n### `v3.0.6`\n1. Fixes typo: Changes Growl app name from `Gulp` to `Node`.\n\n### `v3.0.5`\n1. Maps common options between the different notifiers. Allowing for common usage with different notifiers.\n\n### `v3.0.4`\n1. Fixes expires for notify-send (Issue #13)\n\n### `v3.0.2`\n1. Fixes version check for Mac OS X Yosemite\n\n### `v3.0.0`\n1. Updates terminal-notifier to version 1.6.0; adding support for appIcon and contentImage\n2. Removes parsing of output sent from notifier (Notification Center)\n\n[![NPM downloads][npm-downloads]][npm-url]\n\n\n## License\n\n[MIT License](http://en.wikipedia.org/wiki/MIT_License)\n\n[npm-url]: https://npmjs.org/package/node-notifier\n[npm-image]: http://img.shields.io/npm/v/node-notifier.svg?style=flat\n[npm-downloads]: http://img.shields.io/npm/dm/node-notifier.svg?style=flat\n\n[travis-url]: http://travis-ci.org/mikaelbr/node-notifier\n[travis-image]: http://img.shields.io/travis/mikaelbr/node-notifier.svg?style=flat\n\n[depstat-url]: https://gemnasium.com/mikaelbr/node-notifier\n[depstat-image]: http://img.shields.io/gemnasium/mikaelbr/node-notifier.svg?style=flat\n',
108 silly resolved     readmeFilename: 'README.md',
108 silly resolved     bugs: { url: 'https://github.com/mikaelbr/node-notifier/issues' },
108 silly resolved     homepage: 'https://github.com/mikaelbr/node-notifier',
108 silly resolved     _id: 'node-notifier@3.0.6',
108 silly resolved     _shasum: 'ac21eeb74ef245d54255f84e7b302e948a559b76',
108 silly resolved     _from: 'node-notifier@^3.0.6',
108 silly resolved     _resolved: 'https://registry.npmjs.org/node-notifier/-/node-notifier-3.0.6.tgz' } ]
109 info install node-notifier@3.0.6 into c:\craftia-moie\craftia
110 info installOne node-notifier@3.0.6
111 info c:\craftia-moie\craftia\node_modules\node-notifier unbuild
112 verbose tar unpack C:\Users\Goran\AppData\Roaming\npm-cache\node-notifier\3.0.6\package.tgz
113 silly lockFile 5ac5a3d0-aftia-node-modules-node-notifier tar://c:\craftia-moie\craftia\node_modules\node-notifier
114 verbose lock tar://c:\craftia-moie\craftia\node_modules\node-notifier C:\Users\Goran\AppData\Roaming\npm-cache\5ac5a3d0-aftia-node-modules-node-notifier.lock
115 silly lockFile ba1d99c6--node-notifier-3-0-6-package-tgz tar://C:\Users\Goran\AppData\Roaming\npm-cache\node-notifier\3.0.6\package.tgz
116 verbose lock tar://C:\Users\Goran\AppData\Roaming\npm-cache\node-notifier\3.0.6\package.tgz C:\Users\Goran\AppData\Roaming\npm-cache\ba1d99c6--node-notifier-3-0-6-package-tgz.lock
117 silly gunzTarPerm modes [ '755', '644' ]
118 silly gunzTarPerm extractEntry package.json
119 silly gunzTarPerm extractEntry .npmignore
120 silly gunzTarPerm extractEntry README.md
121 silly gunzTarPerm extractEntry index.js
122 silly gunzTarPerm extractEntry .travis.yml
123 silly gunzTarPerm extractEntry DEPRECATED.md
124 silly gunzTarPerm extractEntry example/advanced.js
125 silly gunzTarPerm extractEntry example/message.js
126 silly gunzTarPerm extractEntry example/coulson.jpg
127 silly gunzTarPerm extractEntry lib/utils.js
128 silly gunzTarPerm extractEntry lib/notifiers/growl.js
129 silly gunzTarPerm extractEntry lib/notifiers/notify-send.js
130 silly gunzTarPerm extractEntry lib/notifiers/terminal-notifier.js
131 silly gunzTarPerm extractEntry test/notify-send.js
132 silly gunzTarPerm extractEntry test/terminal-notifier.js
133 silly gunzTarPerm extractEntry test/utils.js
134 silly gunzTarPerm extractEntry test/fixture/coulson.jpg
135 silly gunzTarPerm extractEntry test/fixture/listAll.txt
136 silly gunzTarPerm extractEntry test/fixture/removeAll.txt
137 silly gunzTarPerm extractEntry vendor/terminal-notifier.app/Contents/Info.plist
138 silly gunzTarPerm extractEntry vendor/terminal-notifier.app/Contents/MacOS/terminal-notifier
139 silly gunzTarPerm extractEntry vendor/terminal-notifier.app/Contents/PkgInfo
140 silly gunzTarPerm extractEntry vendor/terminal-notifier.app/Contents/Resources/Terminal.icns
141 silly gunzTarPerm extractEntry vendor/terminal-notifier.app/Contents/Resources/en.lproj/Credits.rtf
142 silly gunzTarPerm extractEntry vendor/terminal-notifier.app/Contents/Resources/en.lproj/InfoPlist.strings
143 silly gunzTarPerm extractEntry vendor/terminal-notifier.app/Contents/Resources/en.lproj/MainMenu.nib
144 silly lockFile 5ac5a3d0-aftia-node-modules-node-notifier tar://c:\craftia-moie\craftia\node_modules\node-notifier
145 silly lockFile 5ac5a3d0-aftia-node-modules-node-notifier tar://c:\craftia-moie\craftia\node_modules\node-notifier
146 silly lockFile ba1d99c6--node-notifier-3-0-6-package-tgz tar://C:\Users\Goran\AppData\Roaming\npm-cache\node-notifier\3.0.6\package.tgz
147 silly lockFile ba1d99c6--node-notifier-3-0-6-package-tgz tar://C:\Users\Goran\AppData\Roaming\npm-cache\node-notifier\3.0.6\package.tgz
148 info preinstall node-notifier@3.0.6
149 verbose readDependencies using package.json deps
150 verbose readDependencies using package.json deps
151 verbose cache add [ 'which@~1.0.5', null ]
152 verbose cache add name=undefined spec="which@~1.0.5" args=["which@~1.0.5",null]
153 verbose parsed url { protocol: null,
153 verbose parsed url   slashes: null,
153 verbose parsed url   auth: null,
153 verbose parsed url   host: null,
153 verbose parsed url   port: null,
153 verbose parsed url   hostname: null,
153 verbose parsed url   hash: null,
153 verbose parsed url   search: null,
153 verbose parsed url   query: null,
153 verbose parsed url   pathname: 'which@~1.0.5',
153 verbose parsed url   path: 'which@~1.0.5',
153 verbose parsed url   href: 'which@~1.0.5' }
154 verbose cache add name="which" spec="~1.0.5" args=["which","~1.0.5"]
155 verbose parsed url { protocol: null,
155 verbose parsed url   slashes: null,
155 verbose parsed url   auth: null,
155 verbose parsed url   host: null,
155 verbose parsed url   port: null,
155 verbose parsed url   hostname: null,
155 verbose parsed url   hash: null,
155 verbose parsed url   search: null,
155 verbose parsed url   query: null,
155 verbose parsed url   pathname: '~1.0.5',
155 verbose parsed url   path: '~1.0.5',
155 verbose parsed url   href: '~1.0.5' }
156 verbose addNamed [ 'which', '~1.0.5' ]
157 verbose addNamed [ null, '>=1.0.5-0 <1.1.0-0' ]
158 silly lockFile d158d65e-which-1-0-5 which@~1.0.5
159 verbose lock which@~1.0.5 C:\Users\Goran\AppData\Roaming\npm-cache\d158d65e-which-1-0-5.lock
160 verbose cache add [ 'growler@0.0.1', null ]
161 verbose cache add name=undefined spec="growler@0.0.1" args=["growler@0.0.1",null]
162 verbose parsed url { protocol: null,
162 verbose parsed url   slashes: null,
162 verbose parsed url   auth: null,
162 verbose parsed url   host: null,
162 verbose parsed url   port: null,
162 verbose parsed url   hostname: null,
162 verbose parsed url   hash: null,
162 verbose parsed url   search: null,
162 verbose parsed url   query: null,
162 verbose parsed url   pathname: 'growler@0.0.1',
162 verbose parsed url   path: 'growler@0.0.1',
162 verbose parsed url   href: 'growler@0.0.1' }
163 verbose cache add name="growler" spec="0.0.1" args=["growler","0.0.1"]
164 verbose parsed url { protocol: null,
164 verbose parsed url   slashes: null,
164 verbose parsed url   auth: null,
164 verbose parsed url   host: null,
164 verbose parsed url   port: null,
164 verbose parsed url   hostname: null,
164 verbose parsed url   hash: null,
164 verbose parsed url   search: null,
164 verbose parsed url   query: null,
164 verbose parsed url   pathname: '0.0.1',
164 verbose parsed url   path: '0.0.1',
164 verbose parsed url   href: '0.0.1' }
165 verbose addNamed [ 'growler', '0.0.1' ]
166 verbose addNamed [ '0.0.1', '0.0.1' ]
167 silly lockFile a02b3b5e-growler-0-0-1 growler@0.0.1
168 verbose lock growler@0.0.1 C:\Users\Goran\AppData\Roaming\npm-cache\a02b3b5e-growler-0-0-1.lock
169 verbose cache add [ 'shellwords@~0.1.0', null ]
170 verbose cache add name=undefined spec="shellwords@~0.1.0" args=["shellwords@~0.1.0",null]
171 verbose parsed url { protocol: null,
171 verbose parsed url   slashes: null,
171 verbose parsed url   auth: null,
171 verbose parsed url   host: null,
171 verbose parsed url   port: null,
171 verbose parsed url   hostname: null,
171 verbose parsed url   hash: null,
171 verbose parsed url   search: null,
171 verbose parsed url   query: null,
171 verbose parsed url   pathname: 'shellwords@~0.1.0',
171 verbose parsed url   path: 'shellwords@~0.1.0',
171 verbose parsed url   href: 'shellwords@~0.1.0' }
172 verbose cache add name="shellwords" spec="~0.1.0" args=["shellwords","~0.1.0"]
173 verbose parsed url { protocol: null,
173 verbose parsed url   slashes: null,
173 verbose parsed url   auth: null,
173 verbose parsed url   host: null,
173 verbose parsed url   port: null,
173 verbose parsed url   hostname: null,
173 verbose parsed url   hash: null,
173 verbose parsed url   search: null,
173 verbose parsed url   query: null,
173 verbose parsed url   pathname: '~0.1.0',
173 verbose parsed url   path: '~0.1.0',
173 verbose parsed url   href: '~0.1.0' }
174 verbose addNamed [ 'shellwords', '~0.1.0' ]
175 verbose addNamed [ null, '>=0.1.0-0 <0.2.0-0' ]
176 silly lockFile 8795ca22-shellwords-0-1-0 shellwords@~0.1.0
177 verbose lock shellwords@~0.1.0 C:\Users\Goran\AppData\Roaming\npm-cache\8795ca22-shellwords-0-1-0.lock
178 silly addNameRange { name: 'which', range: '>=1.0.5-0 <1.1.0-0', hasData: false }
179 silly addNameRange { name: 'shellwords',
179 silly addNameRange   range: '>=0.1.0-0 <0.2.0-0',
179 silly addNameRange   hasData: false }
180 verbose url raw growler
181 verbose url resolving [ 'https://registry.npmjs.org/', './growler' ]
182 verbose url resolved https://registry.npmjs.org/growler
183 info trying registry request attempt 1 at 00:33:43
184 http GET https://registry.npmjs.org/growler
185 verbose url raw shellwords
186 verbose url resolving [ 'https://registry.npmjs.org/', './shellwords' ]
187 verbose url resolved https://registry.npmjs.org/shellwords
188 info trying registry request attempt 1 at 00:33:43
189 http GET https://registry.npmjs.org/shellwords
190 verbose url raw which
191 verbose url resolving [ 'https://registry.npmjs.org/', './which' ]
192 verbose url resolved https://registry.npmjs.org/which
193 info trying registry request attempt 1 at 00:33:43
194 verbose etag "4U42AUANZD43I26W7W04SHTG3"
195 http GET https://registry.npmjs.org/which
196 http 304 https://registry.npmjs.org/which
197 silly registry.get cb [ 304,
197 silly registry.get   { date: 'Thu, 03 Jul 2014 22:33:55 GMT',
197 silly registry.get     server: 'Apache',
197 silly registry.get     via: '1.1 varnish',
197 silly registry.get     'last-modified': 'Thu, 03 Jul 2014 22:10:01 GMT',
197 silly registry.get     'cache-control': 'max-age=1',
197 silly registry.get     etag: '"4U42AUANZD43I26W7W04SHTG3"',
197 silly registry.get     'x-served-by': 'cache-fra1229-FRA',
197 silly registry.get     'x-cache': 'HIT',
197 silly registry.get     'x-cache-hits': '28',
197 silly registry.get     'x-timer': 'S1404426835.731056,VS0,VE0',
197 silly registry.get     vary: 'Accept',
197 silly registry.get     'content-length': '0',
197 silly registry.get     'keep-alive': 'timeout=10, max=50',
197 silly registry.get     connection: 'Keep-Alive' } ]
198 verbose etag which from cache
199 silly addNameRange number 2 { name: 'which', range: '>=1.0.5-0 <1.1.0-0', hasData: true }
200 silly addNameRange versions [ 'which', [ '1.0.0', '1.0.1', '1.0.2', '1.0.3', '1.0.5' ] ]
201 verbose addNamed [ 'which', '1.0.5' ]
202 verbose addNamed [ '1.0.5', '1.0.5' ]
203 silly lockFile 4aed4494-which-1-0-5 which@1.0.5
204 verbose lock which@1.0.5 C:\Users\Goran\AppData\Roaming\npm-cache\4aed4494-which-1-0-5.lock
205 silly lockFile 4aed4494-which-1-0-5 which@1.0.5
206 silly lockFile 4aed4494-which-1-0-5 which@1.0.5
207 silly lockFile d158d65e-which-1-0-5 which@~1.0.5
208 silly lockFile d158d65e-which-1-0-5 which@~1.0.5
209 http 200 https://registry.npmjs.org/growler
210 silly registry.get cb [ 200,
210 silly registry.get   { date: 'Thu, 03 Jul 2014 22:33:55 GMT',
210 silly registry.get     server: 'CouchDB/1.5.0 (Erlang OTP/R16B03)',
210 silly registry.get     etag: '"8PFF4YBFZSW8IFSQXPNJC73LQ"',
210 silly registry.get     'content-type': 'application/json',
210 silly registry.get     'cache-control': 'max-age=30',
210 silly registry.get     'content-length': '3117',
210 silly registry.get     'accept-ranges': 'bytes',
210 silly registry.get     via: '1.1 varnish',
210 silly registry.get     age: '12321',
210 silly registry.get     'x-served-by': 'cache-fra1230-FRA',
210 silly registry.get     'x-cache': 'HIT',
210 silly registry.get     'x-cache-hits': '1',
210 silly registry.get     'x-timer': 'S1404426835.728410,VS0,VE107',
210 silly registry.get     vary: 'Accept',
210 silly registry.get     'keep-alive': 'timeout=10, max=50',
210 silly registry.get     connection: 'Keep-Alive' } ]
211 http 200 https://registry.npmjs.org/shellwords
212 silly registry.get cb [ 200,
212 silly registry.get   { date: 'Thu, 03 Jul 2014 22:33:55 GMT',
212 silly registry.get     server: 'CouchDB/1.5.0 (Erlang OTP/R14B04)',
212 silly registry.get     etag: '"F50VD23FN282OFEB4HI5OXNAS"',
212 silly registry.get     'content-type': 'application/json',
212 silly registry.get     'cache-control': 'max-age=30',
212 silly registry.get     'content-length': '4754',
212 silly registry.get     'accept-ranges': 'bytes',
212 silly registry.get     via: '1.1 varnish',
212 silly registry.get     age: '1942',
212 silly registry.get     'x-served-by': 'cache-fra1230-FRA',
212 silly registry.get     'x-cache': 'HIT',
212 silly registry.get     'x-cache-hits': '1',
212 silly registry.get     'x-timer': 'S1404426835.736253,VS0,VE103',
212 silly registry.get     vary: 'Accept',
212 silly registry.get     'keep-alive': 'timeout=10, max=50',
212 silly registry.get     connection: 'Keep-Alive' } ]
213 silly lockFile 2a098722-js-org-growler-growler-0-0-1-tgz https://registry.npmjs.org/growler/-/growler-0.0.1.tgz
214 verbose lock https://registry.npmjs.org/growler/-/growler-0.0.1.tgz C:\Users\Goran\AppData\Roaming\npm-cache\2a098722-js-org-growler-growler-0-0-1-tgz.lock
215 silly addNameRange number 2 { name: 'shellwords',
215 silly addNameRange   range: '>=0.1.0-0 <0.2.0-0',
215 silly addNameRange   hasData: true }
216 silly addNameRange versions [ 'shellwords', [ '0.0.1', '0.0.2', '0.1.0' ] ]
217 verbose addNamed [ 'shellwords', '0.1.0' ]
218 verbose addNamed [ '0.1.0', '0.1.0' ]
219 silly lockFile 0fd3e694-shellwords-0-1-0 shellwords@0.1.0
220 verbose lock shellwords@0.1.0 C:\Users\Goran\AppData\Roaming\npm-cache\0fd3e694-shellwords-0-1-0.lock
221 verbose addRemoteTarball [ 'https://registry.npmjs.org/growler/-/growler-0.0.1.tgz',
221 verbose addRemoteTarball   '248fb7d8079e4d041fd8f6c70f0a88de90c81669' ]
222 info retry fetch attempt 1 at 00:33:44
223 verbose fetch to= C:\Users\Goran\AppData\Local\Temp\npm-6284-j1Wdv1Dj\1404426824162-0.6256767464801669\tmp.tgz
224 silly lockFile 070a004f--shellwords-shellwords-0-1-0-tgz https://registry.npmjs.org/shellwords/-/shellwords-0.1.0.tgz
225 verbose lock https://registry.npmjs.org/shellwords/-/shellwords-0.1.0.tgz C:\Users\Goran\AppData\Roaming\npm-cache\070a004f--shellwords-shellwords-0-1-0-tgz.lock
226 http GET https://registry.npmjs.org/growler/-/growler-0.0.1.tgz
227 verbose addRemoteTarball [ 'https://registry.npmjs.org/shellwords/-/shellwords-0.1.0.tgz',
227 verbose addRemoteTarball   '66afd47b6a12932d9071cbfd98a52e785cd0ba14' ]
228 info retry fetch attempt 1 at 00:33:44
229 verbose fetch to= C:\Users\Goran\AppData\Local\Temp\npm-6284-j1Wdv1Dj\1404426824165-0.6297827947419137\tmp.tgz
230 http GET https://registry.npmjs.org/shellwords/-/shellwords-0.1.0.tgz
231 http 200 https://registry.npmjs.org/growler/-/growler-0.0.1.tgz
232 http 200 https://registry.npmjs.org/shellwords/-/shellwords-0.1.0.tgz
233 verbose tar unpack C:\Users\Goran\AppData\Local\Temp\npm-6284-j1Wdv1Dj\1404426824165-0.6297827947419137\tmp.tgz
234 silly lockFile 5290111f-m-cache-shellwords-0-1-0-package tar://C:\Users\Goran\AppData\Roaming\npm-cache\shellwords\0.1.0\package
235 verbose lock tar://C:\Users\Goran\AppData\Roaming\npm-cache\shellwords\0.1.0\package C:\Users\Goran\AppData\Roaming\npm-cache\5290111f-m-cache-shellwords-0-1-0-package.lock
236 silly lockFile 905c0fea-24165-0-6297827947419137-tmp-tgz tar://C:\Users\Goran\AppData\Local\Temp\npm-6284-j1Wdv1Dj\1404426824165-0.6297827947419137\tmp.tgz
237 verbose lock tar://C:\Users\Goran\AppData\Local\Temp\npm-6284-j1Wdv1Dj\1404426824165-0.6297827947419137\tmp.tgz C:\Users\Goran\AppData\Roaming\npm-cache\905c0fea-24165-0-6297827947419137-tmp-tgz.lock
238 silly gunzTarPerm modes [ '755', '644' ]
239 silly gunzTarPerm extractEntry package.json
240 silly gunzTarPerm extractEntry .npmignore
241 silly gunzTarPerm extractEntry README.md
242 silly gunzTarPerm extractEntry LICENSE
243 silly gunzTarPerm extractEntry Cakefile
244 silly gunzTarPerm extractEntry lib/shellwords.js
245 silly gunzTarPerm extractEntry spec/shellwords_spec.coffee
246 silly gunzTarPerm extractEntry src/shellwords.coffee
247 verbose tar unpack C:\Users\Goran\AppData\Local\Temp\npm-6284-j1Wdv1Dj\1404426824162-0.6256767464801669\tmp.tgz
248 silly lockFile 2976b528--npm-cache-growler-0-0-1-package tar://C:\Users\Goran\AppData\Roaming\npm-cache\growler\0.0.1\package
249 verbose lock tar://C:\Users\Goran\AppData\Roaming\npm-cache\growler\0.0.1\package C:\Users\Goran\AppData\Roaming\npm-cache\2976b528--npm-cache-growler-0-0-1-package.lock
250 silly lockFile d0d45aeb-24162-0-6256767464801669-tmp-tgz tar://C:\Users\Goran\AppData\Local\Temp\npm-6284-j1Wdv1Dj\1404426824162-0.6256767464801669\tmp.tgz
251 verbose lock tar://C:\Users\Goran\AppData\Local\Temp\npm-6284-j1Wdv1Dj\1404426824162-0.6256767464801669\tmp.tgz C:\Users\Goran\AppData\Roaming\npm-cache\d0d45aeb-24162-0-6256767464801669-tmp-tgz.lock
252 silly gunzTarPerm modes [ '755', '644' ]
253 silly gunzTarPerm extractEntry .project
254 silly gunzTarPerm extractEntry CHANGELOG
255 silly gunzTarPerm extractEntry package.json
256 silly gunzTarPerm extractEntry README.md
257 silly gunzTarPerm extractEntry .settings/.jsdtscope
258 silly gunzTarPerm extractEntry .settings/org.eclipse.wst.jsdt.ui.superType.container
259 silly gunzTarPerm extractEntry .settings/org.eclipse.wst.jsdt.ui.superType.name
260 silly lockFile 5290111f-m-cache-shellwords-0-1-0-package tar://C:\Users\Goran\AppData\Roaming\npm-cache\shellwords\0.1.0\package
261 silly lockFile 5290111f-m-cache-shellwords-0-1-0-package tar://C:\Users\Goran\AppData\Roaming\npm-cache\shellwords\0.1.0\package
262 silly lockFile 905c0fea-24165-0-6297827947419137-tmp-tgz tar://C:\Users\Goran\AppData\Local\Temp\npm-6284-j1Wdv1Dj\1404426824165-0.6297827947419137\tmp.tgz
263 silly lockFile 905c0fea-24165-0-6297827947419137-tmp-tgz tar://C:\Users\Goran\AppData\Local\Temp\npm-6284-j1Wdv1Dj\1404426824165-0.6297827947419137\tmp.tgz
264 silly gunzTarPerm extractEntry examples/advanced.js
265 silly gunzTarPerm extractEntry examples/nodejs.png
266 silly lockFile 070a004f--shellwords-shellwords-0-1-0-tgz https://registry.npmjs.org/shellwords/-/shellwords-0.1.0.tgz
267 silly lockFile 070a004f--shellwords-shellwords-0-1-0-tgz https://registry.npmjs.org/shellwords/-/shellwords-0.1.0.tgz
268 silly lockFile 0fd3e694-shellwords-0-1-0 shellwords@0.1.0
269 silly lockFile 0fd3e694-shellwords-0-1-0 shellwords@0.1.0
270 silly lockFile 8795ca22-shellwords-0-1-0 shellwords@~0.1.0
271 silly lockFile 8795ca22-shellwords-0-1-0 shellwords@~0.1.0
272 silly gunzTarPerm extractEntry examples/radioactivity.png
273 silly gunzTarPerm extractEntry examples/simple.js
274 silly gunzTarPerm extractEntry lib/growler.js
275 silly gunzTarPerm extractEntry lib/security-guard.js
276 silly lockFile 2976b528--npm-cache-growler-0-0-1-package tar://C:\Users\Goran\AppData\Roaming\npm-cache\growler\0.0.1\package
277 silly lockFile 2976b528--npm-cache-growler-0-0-1-package tar://C:\Users\Goran\AppData\Roaming\npm-cache\growler\0.0.1\package
278 silly lockFile d0d45aeb-24162-0-6256767464801669-tmp-tgz tar://C:\Users\Goran\AppData\Local\Temp\npm-6284-j1Wdv1Dj\1404426824162-0.6256767464801669\tmp.tgz
279 silly lockFile d0d45aeb-24162-0-6256767464801669-tmp-tgz tar://C:\Users\Goran\AppData\Local\Temp\npm-6284-j1Wdv1Dj\1404426824162-0.6256767464801669\tmp.tgz
280 silly lockFile 2a098722-js-org-growler-growler-0-0-1-tgz https://registry.npmjs.org/growler/-/growler-0.0.1.tgz
281 silly lockFile 2a098722-js-org-growler-growler-0-0-1-tgz https://registry.npmjs.org/growler/-/growler-0.0.1.tgz
282 silly lockFile a02b3b5e-growler-0-0-1 growler@0.0.1
283 silly lockFile a02b3b5e-growler-0-0-1 growler@0.0.1
284 silly resolved [ { author:
284 silly resolved      { name: 'Isaac Z. Schlueter',
284 silly resolved        email: 'i@izs.me',
284 silly resolved        url: 'http://blog.izs.me' },
284 silly resolved     name: 'which',
284 silly resolved     description: 'Like which(1) unix command. Find the first instance of an executable in the PATH.',
284 silly resolved     version: '1.0.5',
284 silly resolved     repository: { type: 'git', url: 'git://github.com/isaacs/node-which.git' },
284 silly resolved     main: 'which.js',
284 silly resolved     bin: { which: './bin/which' },
284 silly resolved     engines: { node: '*' },
284 silly resolved     dependencies: {},
284 silly resolved     devDependencies: {},
284 silly resolved     readme: 'The "which" util from npm\'s guts.\n\nFinds the first instance of a specified executable in the PATH\nenvironment variable.  Does not cache the results, so `hash -r` is not\nneeded when the PATH changes.\n',
284 silly resolved     readmeFilename: 'README.md',
284 silly resolved     bugs: { url: 'https://github.com/isaacs/node-which/issues' },
284 silly resolved     homepage: 'https://github.com/isaacs/node-which',
284 silly resolved     _id: 'which@1.0.5',
284 silly resolved     _shasum: '5630d6819dda692f1464462e7956cb42c0842739',
284 silly resolved     _from: 'which@~1.0.5',
284 silly resolved     _resolved: 'https://registry.npmjs.org/which/-/which-1.0.5.tgz',
284 silly resolved     scripts: {} },
284 silly resolved   { author:
284 silly resolved      { name: 'Jimmy Cuadra',
284 silly resolved        email: 'jimmy@jimmycuadra.com',
284 silly resolved        url: 'http://jimmycuadra.com/' },
284 silly resolved     name: 'shellwords',
284 silly resolved     description: 'Manipulate strings according to the word parsing rules of the UNIX Bourne shell.',
284 silly resolved     version: '0.1.0',
284 silly resolved     homepage: 'https://github.com/jimmycuadra/shellwords',
284 silly resolved     repository:
284 silly resolved      { type: 'git',
284 silly resolved        url: 'git://github.com/jimmycuadra/shellwords.git' },
284 silly resolved     main: './lib/shellwords',
284 silly resolved     scripts: { test: 'cake spec' },
284 silly resolved     dependencies: {},
284 silly resolved     devDependencies: { 'jasmine-node': '~1.0.26', nodewatch: '~0.1.0' },
284 silly resolved     readme: '# Shellwords\n\nShellwords provides functions to manipulate strings according to the word parsing rules of the UNIX Bourne shell. It is based on [the Ruby module of the same name](http://www.ruby-doc.org/stdlib-1.9.3/libdoc/shellwords/rdoc/Shellwords.html).\n\n## Installation\n\nAdd "shellwords" to your `package.json` file and run `npm install`.\n\n## Example\n\n``` javascript\nvar shellwords = require("shellwords");\n\nshellwords.split("foo \'bar baz\'");\n// ["foo", "bar baz"]\n\nshellwords.escape("What\'s up, yo?");\n// \'What\\\\\\\'s\\\\ up,\\\\ yo\\\\?\'\n```\n',
284 silly resolved     readmeFilename: 'README.md',
284 silly resolved     bugs: { url: 'https://github.com/jimmycuadra/shellwords/issues' },
284 silly resolved     _id: 'shellwords@0.1.0',
284 silly resolved     _shasum: '66afd47b6a12932d9071cbfd98a52e785cd0ba14',
284 silly resolved     _from: 'shellwords@~0.1.0',
284 silly resolved     _resolved: 'https://registry.npmjs.org/shellwords/-/shellwords-0.1.0.tgz' },
284 silly resolved   { name: 'growler',
284 silly resolved     version: '0.0.1',
284 silly resolved     description: 'Send notifications to remote and local Growl clients using GNTP',
284 silly resolved     keywords: [ 'Growl', 'GNTP', 'notifications' ],
284 silly resolved     bugs:
284 silly resolved      { url: 'https://github.com/betamos/Node-Growler/issues',
284 silly resolved        email: 'didrik@betamos.se' },
284 silly resolved     author:
284 silly resolved      { name: 'Didrik Nordström',
284 silly resolved        email: 'didrik@betamos.se',
284 silly resolved        url: 'http://betamos.se/' },
284 silly resolved     main: 'lib/growler.js',
284 silly resolved     files: [ 'lib', 'examples', 'README.md', 'CHANGELOG' ],
284 silly resolved     directories: { lib: 'lib' },
284 silly resolved     repository:
284 silly resolved      { type: 'git',
284 silly resolved        url: 'git://github.com/betamos/Node-Growler.git' },
284 silly resolved     dependencies: { underscore: '>=1.1.5' },
284 silly resolved     devDependencies: {},
284 silly resolved     engines: { node: '>=0.6.0' },
284 silly resolved     readme: '\nNode Growler\n============\nA [Growl][1] server for [node.js][2] which sends notifications to remote and\nlocal Growl clients using [GNTP][3]. Could for example be used to notify you when\nsomething happens on your node.js server, e.g. a user just logged in.\n\nInstallation\n------------\n\tnpm install growler\n\nDependencies\n------------\n* node.js >= 0.6\n* [Underscore.js][4] >=1.1.5\n\nUsage\n-----\n\tvar growler = require(\'growler\');\n\tvar myApp = new growler.GrowlApplication(\'Simple Growl App\');\n\tmyApp.setNotifications({\n\t  \'Server Status\': {}\n\t});\n\tmyApp.register();\n\tmyApp.sendNotification(\'Server Status\', {\n\t  title: \'Node Growler online\',\n\t  text: \'Wasn\\\'t that hard was it?\'\n\t});\n\nAlso, check the examples directory.\n\nFeatures\n--------\n* Custom notification icons\n* Send notifications to password protected clients over the network\n* Send encrypted notifications (not supported yet by Growl for OS X)\n\nAuthor and license\n------------------\nNode Growler, Copyright 2011, Didrik Nordström\n\nDual licensed under the MIT or GPL Version 3 licenses.\n\n[1]:\thttp://growl.info/\n[2]:\thttp://nodejs.org/\n[3]:\thttp://www.growlforwindows.com/gfw/help/gntp.aspx\n[4]:\thttp://documentcloud.github.com/underscore/\n',
284 silly resolved     readmeFilename: 'README.md',
284 silly resolved     homepage: 'https://github.com/betamos/Node-Growler',
284 silly resolved     _id: 'growler@0.0.1',
284 silly resolved     _shasum: '248fb7d8079e4d041fd8f6c70f0a88de90c81669',
284 silly resolved     _from: 'growler@0.0.1',
284 silly resolved     _resolved: 'https://registry.npmjs.org/growler/-/growler-0.0.1.tgz' } ]
285 info install which@1.0.5 into c:\craftia-moie\craftia\node_modules\node-notifier
286 info install shellwords@0.1.0 into c:\craftia-moie\craftia\node_modules\node-notifier
287 info install growler@0.0.1 into c:\craftia-moie\craftia\node_modules\node-notifier
288 info installOne which@1.0.5
289 info installOne shellwords@0.1.0
290 info installOne growler@0.0.1
291 info c:\craftia-moie\craftia\node_modules\node-notifier\node_modules\which unbuild
292 info c:\craftia-moie\craftia\node_modules\node-notifier\node_modules\shellwords unbuild
293 info c:\craftia-moie\craftia\node_modules\node-notifier\node_modules\growler unbuild
294 verbose tar unpack C:\Users\Goran\AppData\Roaming\npm-cache\which\1.0.5\package.tgz
295 silly lockFile aa3a2a21-node-notifier-node-modules-which tar://c:\craftia-moie\craftia\node_modules\node-notifier\node_modules\which
296 verbose lock tar://c:\craftia-moie\craftia\node_modules\node-notifier\node_modules\which C:\Users\Goran\AppData\Roaming\npm-cache\aa3a2a21-node-notifier-node-modules-which.lock
297 silly lockFile a55a63c5-pm-cache-which-1-0-5-package-tgz tar://C:\Users\Goran\AppData\Roaming\npm-cache\which\1.0.5\package.tgz
298 verbose lock tar://C:\Users\Goran\AppData\Roaming\npm-cache\which\1.0.5\package.tgz C:\Users\Goran\AppData\Roaming\npm-cache\a55a63c5-pm-cache-which-1-0-5-package-tgz.lock
299 verbose tar unpack C:\Users\Goran\AppData\Roaming\npm-cache\shellwords\0.1.0\package.tgz
300 silly lockFile aa28d1b7-notifier-node-modules-shellwords tar://c:\craftia-moie\craftia\node_modules\node-notifier\node_modules\shellwords
301 verbose lock tar://c:\craftia-moie\craftia\node_modules\node-notifier\node_modules\shellwords C:\Users\Goran\AppData\Roaming\npm-cache\aa28d1b7-notifier-node-modules-shellwords.lock
302 silly lockFile 1ee88195-che-shellwords-0-1-0-package-tgz tar://C:\Users\Goran\AppData\Roaming\npm-cache\shellwords\0.1.0\package.tgz
303 verbose lock tar://C:\Users\Goran\AppData\Roaming\npm-cache\shellwords\0.1.0\package.tgz C:\Users\Goran\AppData\Roaming\npm-cache\1ee88195-che-shellwords-0-1-0-package-tgz.lock
304 verbose tar unpack C:\Users\Goran\AppData\Roaming\npm-cache\growler\0.0.1\package.tgz
305 silly lockFile 59b5763a-de-notifier-node-modules-growler tar://c:\craftia-moie\craftia\node_modules\node-notifier\node_modules\growler
306 verbose lock tar://c:\craftia-moie\craftia\node_modules\node-notifier\node_modules\growler C:\Users\Goran\AppData\Roaming\npm-cache\59b5763a-de-notifier-node-modules-growler.lock
307 silly lockFile 7d87f05e--cache-growler-0-0-1-package-tgz tar://C:\Users\Goran\AppData\Roaming\npm-cache\growler\0.0.1\package.tgz
308 verbose lock tar://C:\Users\Goran\AppData\Roaming\npm-cache\growler\0.0.1\package.tgz C:\Users\Goran\AppData\Roaming\npm-cache\7d87f05e--cache-growler-0-0-1-package-tgz.lock
309 silly gunzTarPerm modes [ '755', '644' ]
310 silly gunzTarPerm modes [ '755', '644' ]
311 silly gunzTarPerm modes [ '755', '644' ]
312 silly gunzTarPerm extractEntry .project
313 silly gunzTarPerm extractEntry package.json
314 silly gunzTarPerm extractEntry bin/
315 silly gunzTarPerm extractEntry CHANGELOG
316 silly gunzTarPerm extractEntry package.json
317 silly gunzTarPerm extractEntry .npmignore
318 silly gunzTarPerm extractEntry README.md
319 silly gunzTarPerm extractEntry bin/which
320 silly gunzTarPerm extractEntry LICENSE
321 silly gunzTarPerm extractEntry package.json
322 silly gunzTarPerm extractEntry README.md
323 silly gunzTarPerm extractEntry which.js
324 silly gunzTarPerm extractEntry LICENSE
325 silly gunzTarPerm extractEntry Cakefile
326 silly gunzTarPerm extractEntry README.md
327 silly gunzTarPerm extractEntry .settings/.jsdtscope
328 silly gunzTarPerm extractEntry lib/shellwords.js
329 silly gunzTarPerm extractEntry spec/shellwords_spec.coffee
330 silly gunzTarPerm extractEntry .settings/org.eclipse.wst.jsdt.ui.superType.container
331 silly gunzTarPerm extractEntry .settings/org.eclipse.wst.jsdt.ui.superType.name
332 silly gunzTarPerm extractEntry examples/advanced.js
333 silly gunzTarPerm extractEntry examples/nodejs.png
334 silly gunzTarPerm extractEntry src/shellwords.coffee
335 silly gunzTarPerm extractEntry examples/radioactivity.png
336 silly gunzTarPerm extractEntry examples/simple.js
337 silly gunzTarPerm extractEntry lib/growler.js
338 silly gunzTarPerm extractEntry lib/security-guard.js
339 silly lockFile aa3a2a21-node-notifier-node-modules-which tar://c:\craftia-moie\craftia\node_modules\node-notifier\node_modules\which
340 silly lockFile aa3a2a21-node-notifier-node-modules-which tar://c:\craftia-moie\craftia\node_modules\node-notifier\node_modules\which
341 silly lockFile a55a63c5-pm-cache-which-1-0-5-package-tgz tar://C:\Users\Goran\AppData\Roaming\npm-cache\which\1.0.5\package.tgz
342 silly lockFile a55a63c5-pm-cache-which-1-0-5-package-tgz tar://C:\Users\Goran\AppData\Roaming\npm-cache\which\1.0.5\package.tgz
343 silly lockFile aa28d1b7-notifier-node-modules-shellwords tar://c:\craftia-moie\craftia\node_modules\node-notifier\node_modules\shellwords
344 silly lockFile aa28d1b7-notifier-node-modules-shellwords tar://c:\craftia-moie\craftia\node_modules\node-notifier\node_modules\shellwords
345 silly lockFile 1ee88195-che-shellwords-0-1-0-package-tgz tar://C:\Users\Goran\AppData\Roaming\npm-cache\shellwords\0.1.0\package.tgz
346 silly lockFile 1ee88195-che-shellwords-0-1-0-package-tgz tar://C:\Users\Goran\AppData\Roaming\npm-cache\shellwords\0.1.0\package.tgz
347 info preinstall which@1.0.5
348 verbose readDependencies using package.json deps
349 verbose readDependencies using package.json deps
350 silly resolved []
351 verbose about to build c:\craftia-moie\craftia\node_modules\node-notifier\node_modules\which
352 info build c:\craftia-moie\craftia\node_modules\node-notifier\node_modules\which
353 verbose linkStuff [ false,
353 verbose linkStuff   false,
353 verbose linkStuff   false,
353 verbose linkStuff   'c:\\craftia-moie\\craftia\\node_modules\\node-notifier\\node_modules' ]
354 info linkStuff which@1.0.5
355 verbose linkBins which@1.0.5
356 verbose link bins [ { which: './bin/which' },
356 verbose link bins   'c:\\craftia-moie\\craftia\\node_modules\\node-notifier\\node_modules\\.bin',
356 verbose link bins   false ]
357 verbose linkMans which@1.0.5
358 verbose rebuildBundles which@1.0.5
359 info preinstall shellwords@0.1.0
360 verbose readDependencies using package.json deps
361 verbose readDependencies using package.json deps
362 silly resolved []
363 verbose about to build c:\craftia-moie\craftia\node_modules\node-notifier\node_modules\shellwords
364 info build c:\craftia-moie\craftia\node_modules\node-notifier\node_modules\shellwords
365 verbose linkStuff [ false,
365 verbose linkStuff   false,
365 verbose linkStuff   false,
365 verbose linkStuff   'c:\\craftia-moie\\craftia\\node_modules\\node-notifier\\node_modules' ]
366 info linkStuff shellwords@0.1.0
367 verbose linkBins shellwords@0.1.0
368 verbose linkMans shellwords@0.1.0
369 verbose rebuildBundles shellwords@0.1.0
370 info install shellwords@0.1.0
371 info postinstall shellwords@0.1.0
372 info install which@1.0.5
373 info postinstall which@1.0.5
374 silly lockFile 59b5763a-de-notifier-node-modules-growler tar://c:\craftia-moie\craftia\node_modules\node-notifier\node_modules\growler
375 silly lockFile 59b5763a-de-notifier-node-modules-growler tar://c:\craftia-moie\craftia\node_modules\node-notifier\node_modules\growler
376 silly lockFile 7d87f05e--cache-growler-0-0-1-package-tgz tar://C:\Users\Goran\AppData\Roaming\npm-cache\growler\0.0.1\package.tgz
377 silly lockFile 7d87f05e--cache-growler-0-0-1-package-tgz tar://C:\Users\Goran\AppData\Roaming\npm-cache\growler\0.0.1\package.tgz
378 info preinstall growler@0.0.1
379 verbose readDependencies using package.json deps
380 verbose readDependencies using package.json deps
381 silly resolved []
382 verbose about to build c:\craftia-moie\craftia\node_modules\node-notifier\node_modules\growler
383 info build c:\craftia-moie\craftia\node_modules\node-notifier\node_modules\growler
384 verbose linkStuff [ false,
384 verbose linkStuff   false,
384 verbose linkStuff   false,
384 verbose linkStuff   'c:\\craftia-moie\\craftia\\node_modules\\node-notifier\\node_modules' ]
385 info linkStuff growler@0.0.1
386 verbose linkBins growler@0.0.1
387 verbose linkMans growler@0.0.1
388 verbose rebuildBundles growler@0.0.1
389 info install growler@0.0.1
390 info postinstall growler@0.0.1
391 verbose about to build c:\craftia-moie\craftia\node_modules\node-notifier
392 info build c:\craftia-moie\craftia\node_modules\node-notifier
393 verbose linkStuff [ false, false, false, 'c:\\craftia-moie\\craftia\\node_modules' ]
394 info linkStuff node-notifier@3.0.6
395 verbose linkBins node-notifier@3.0.6
396 verbose linkMans node-notifier@3.0.6
397 verbose rebuildBundles node-notifier@3.0.6
398 verbose rebuildBundles [ '.bin', 'growler', 'shellwords', 'which' ]
399 info install node-notifier@3.0.6
400 info postinstall node-notifier@3.0.6
401 info build c:\craftia-moie\craftia
402 verbose linkStuff [ false, false, false, 'c:\\craftia-moie' ]
403 info linkStuff craftia@0.0.1-28
404 verbose linkBins craftia@0.0.1-28
405 verbose linkMans craftia@0.0.1-28
406 verbose rebuildBundles craftia@0.0.1-28
407 verbose rebuildBundles [ '.bin',
407 verbose rebuildBundles   'archiver',
407 verbose rebuildBundles   'async',
407 verbose rebuildBundles   'bcrypt-nodejs',
407 verbose rebuildBundles   'bower',
407 verbose rebuildBundles   'coffee-script',
407 verbose rebuildBundles   'colors',
407 verbose rebuildBundles   'connect-flash',
407 verbose rebuildBundles   'express',
407 verbose rebuildBundles   'express-validator',
407 verbose rebuildBundles   'express3-handlebars',
407 verbose rebuildBundles   'glob',
407 verbose rebuildBundles   'grunt',
407 verbose rebuildBundles   'grunt-contrib-coffee',
407 verbose rebuildBundles   'grunt-contrib-watch',
407 verbose rebuildBundles   'gulp',
407 verbose rebuildBundles   'gulp-coffee',
407 verbose rebuildBundles   'gulp-concat',
407 verbose rebuildBundles   'gulp-git',
407 verbose rebuildBundles   'gulp-rename',
407 verbose rebuildBundles   'gulp-sourcemaps',
407 verbose rebuildBundles   'gulp-uglify',
407 verbose rebuildBundles   'gulp-util',
407 verbose rebuildBundles   'lz-string',
407 verbose rebuildBundles   'mkdirp',
407 verbose rebuildBundles   'mongodb',
407 verbose rebuildBundles   'mongoose',
407 verbose rebuildBundles   'node-notifier',
407 verbose rebuildBundles   'passport',
407 verbose rebuildBundles   'passport-local',
407 verbose rebuildBundles   'rimraf',
407 verbose rebuildBundles   'underscore',
407 verbose rebuildBundles   'unzip',
407 verbose rebuildBundles   'wrench' ]
408 verbose rebuild bundle c:\craftia-moie\craftia\node_modules\grunt
409 info build c:\craftia-moie\craftia\node_modules\grunt
410 info preinstall grunt@0.4.5
411 verbose linkStuff [ false, false, false, 'c:\\craftia-moie\\craftia\\node_modules' ]
412 info linkStuff grunt@0.4.5
413 verbose linkBins grunt@0.4.5
414 verbose linkMans grunt@0.4.5
415 verbose rebuildBundles grunt@0.4.5
416 verbose rebuildBundles [ '.bin',
416 verbose rebuildBundles   'async',
416 verbose rebuildBundles   'coffee-script',
416 verbose rebuildBundles   'dateformat',
416 verbose rebuildBundles   'eventemitter2',
416 verbose rebuildBundles   'exit',
416 verbose rebuildBundles   'findup-sync',
416 verbose rebuildBundles   'getobject',
416 verbose rebuildBundles   'glob',
416 verbose rebuildBundles   'grunt-legacy-log',
416 verbose rebuildBundles   'grunt-legacy-util',
416 verbose rebuildBundles   'hooker',
416 verbose rebuildBundles   'iconv-lite',
416 verbose rebuildBundles   'js-yaml',
416 verbose rebuildBundles   'lodash',
416 verbose rebuildBundles   'minimatch',
416 verbose rebuildBundles   'nopt',
416 verbose rebuildBundles   'underscore.string',
416 verbose rebuildBundles   'which' ]
417 info install grunt@0.4.5
418 info postinstall grunt@0.4.5
419 verbose rebuild bundle c:\craftia-moie\craftia\node_modules\grunt-contrib-coffee
420 info build c:\craftia-moie\craftia\node_modules\grunt-contrib-coffee
421 info preinstall grunt-contrib-coffee@0.10.1
422 verbose linkStuff [ false, false, false, 'c:\\craftia-moie\\craftia\\node_modules' ]
423 info linkStuff grunt-contrib-coffee@0.10.1
424 verbose linkBins grunt-contrib-coffee@0.10.1
425 verbose linkMans grunt-contrib-coffee@0.10.1
426 verbose rebuildBundles grunt-contrib-coffee@0.10.1
427 verbose rebuildBundles [ 'chalk', 'lodash' ]
428 info install grunt-contrib-coffee@0.10.1
429 info postinstall grunt-contrib-coffee@0.10.1
430 verbose rebuild bundle c:\craftia-moie\craftia\node_modules\grunt-contrib-watch
431 info build c:\craftia-moie\craftia\node_modules\grunt-contrib-watch
432 info preinstall grunt-contrib-watch@0.6.1
433 verbose linkStuff [ false, false, false, 'c:\\craftia-moie\\craftia\\node_modules' ]
434 info linkStuff grunt-contrib-watch@0.6.1
435 verbose linkBins grunt-contrib-watch@0.6.1
436 verbose linkMans grunt-contrib-watch@0.6.1
437 verbose rebuildBundles grunt-contrib-watch@0.6.1
438 verbose rebuildBundles [ '.bin', 'async', 'gaze', 'lodash', 'tiny-lr-fork' ]
439 info install grunt-contrib-watch@0.6.1
440 info postinstall grunt-contrib-watch@0.6.1
441 verbose rebuild bundle c:\craftia-moie\craftia\node_modules\mongodb
442 info build c:\craftia-moie\craftia\node_modules\mongodb
443 info preinstall mongodb@1.4.7
444 verbose linkStuff [ false, false, false, 'c:\\craftia-moie\\craftia\\node_modules' ]
445 info linkStuff mongodb@1.4.7
446 verbose linkBins mongodb@1.4.7
447 verbose linkMans mongodb@1.4.7
448 verbose rebuildBundles mongodb@1.4.7
449 verbose rebuildBundles [ 'bson', 'kerberos', 'readable-stream' ]
450 info install mongodb@1.4.7
451 info postinstall mongodb@1.4.7
452 info install craftia@0.0.1-28
453 info postinstall craftia@0.0.1-28
454 verbose unsafe-perm in lifecycle true
455 info craftia@0.0.1-28 Failed to exec postinstall script
456 error craftia@0.0.1-28 postinstall: `./node_modules/bower/bin/bower install`
456 error Exit status 1
457 error Failed at the craftia@0.0.1-28 postinstall script.
457 error This is most likely a problem with the craftia package,
457 error not with npm itself.
457 error Tell the author that this fails on your system:
457 error     ./node_modules/bower/bin/bower install
457 error You can get their info via:
457 error     npm owner ls craftia
457 error There is likely additional logging output above.
458 error System Windows_NT 6.2.9200
459 error command "c:\\Program Files (x86)\\nodejs\\node.exe" "c:\\Program Files (x86)\\nodejs\\node_modules\\npm\\bin\\npm-cli.js" "install"
460 error cwd c:\craftia-moie\craftia
461 error node -v v0.10.28
462 error npm -v 1.4.9
463 error code ELIFECYCLE
464 verbose exit [ 1, true ]
