

Running on: 3000
Connected to DB
[90mGET / [32m200 [90m186ms - 4.74kb[0m
[90mGET /css/ie10mobile.css [32m200 [90m62ms - 221b[0m
[90mGET /css/bootstrap.css [32m200 [90m50ms - 119.62kb[0m
[90mGET /css/font-awesome.min.css [32m200 [90m9ms - 17.36kb[0m
[90mGET /css/toastr.css [32m200 [90m7ms - 6.62kb[0m
[90mGET /css/customtheme.css [32m200 [90m13ms - 24.85kb[0m
[90mGET /css/styles.css [32m200 [90m6ms - 9.15kb[0m
[90mGET /css/craftia-theme.css [32m200 [90m7ms - 15.11kb[0m
[90mGET /css/lightbox.css [32m200 [90m5ms - 603b[0m
[90mGET /css/animate.min.css [32m200 [90m17ms - 46.49kb[0m
[90mGET /vendor/jquery-ui/themes/smoothness/jquery-ui.css [32m200 [90m6ms - 31.27kb[0m
[90mGET /css/craftia-topmenu.css [32m200 [90m7ms - 2.03kb[0m
[90mGET /vendor/angular-carousel/dist/angular-carousel.css [32m200 [90m8ms - 1.6kb[0m
[90mGET /vendor/jquery/dist/jquery.js [32m200 [90m7ms - 241.04kb[0m
[90mGET /vendor/ng-file-upload/angular-file-upload.js [32m200 [90m21ms - 5.27kb[0m
[90mGET /vendor/jquery-ui/ui/jquery-ui.js [32m200 [90m46ms - 425.63kb[0m
[90mGET /vendor/angular/angular.js [32m200 [90m45ms - 747.63kb[0m
[90mGET /vendor/angular/angular-animate.js [32m200 [90m6ms - 71.58kb[0m
[90mGET /vendor/angular/angular-route.js [32m200 [90m6ms - 31.74kb[0m
[90mGET /vendor/angular/angular-sanitize.js [32m200 [90m14ms - 20.25kb[0m
[90mGET /vendor/angular/bootstrap.js [32m200 [90m5ms - 57.16kb[0m
[90mGET /vendor/angular/toastr.js [32m200 [90m10ms - 7.55kb[0m
[90mGET /vendor/angular/moment.js [32m200 [90m8ms - 75.4kb[0m
[90mGET /vendor/angular/ui-bootstrap-tpls-0.10.0.js [32m200 [90m6ms - 123.48kb[0m
[90mGET /vendor/angular/spin.js [32m200 [90m3ms - 9.96kb[0m
[90mGET /vendor/angular-carousel/dist/angular-carousel.min.js [32m200 [90m5ms - 5.5kb[0m
[90mGET /app/app.js [32m200 [90m5ms - 1.77kb[0m
[90mGET /app/config.js [32m200 [90m8ms - 1.22kb[0m
[90mGET /app/config.exceptionHandler.js [32m200 [90m7ms - 1.13kb[0m
[90mGET /app/config.route.js [32m200 [90m7ms - 8.71kb[0m
[90mGET /app/services/gmaps.js [32m200 [90m4ms - 1.65kb[0m
[90mGET /app/services/authService.js [32m200 [90m15ms - 3.06kb[0m
[90mGET /app/common/common.js [32m200 [90m6ms - 4.56kb[0m
[90mGET /app/common/logger.js [32m200 [90m7ms - 2.22kb[0m
[90mGET /app/common/spinner.js [32m200 [90m4ms - 671b[0m
[90mGET /app/common/bootstrap/bootstrap.dialog.js [32m200 [90m6ms - 2.77kb[0m
[90mGET /app/admin/admin.js [32m200 [90m4ms - 508b[0m
[90mGET /app/dashboard/dashboard.js [32m200 [90m5ms - 3.68kb[0m
[90mGET /app/layout/shell.js [32m200 [90m14ms - 1.46kb[0m
[90mGET /app/layout/sidebar.js [32m200 [90m5ms - 1.76kb[0m
[90mGET /app/jobs/jobs.js [32m200 [90m4ms - 20.67kb[0m
[90mGET /app/jobs/job.js [32m200 [90m4ms - 1.42kb[0m
[90mGET /app/craftsmen/craftsmen.js [32m200 [90m6ms - 5.58kb[0m
[90mGET /app/profile/profile.js [32m200 [90m18ms - 1.86kb[0m
[90mGET /app/layout/topnav.js [32m200 [90m13ms - 5.46kb[0m
[90mGET /app/messages/messages.js [32m200 [90m4ms - 4.4kb[0m
[90mGET /app/register/register.js [32m200 [90m5ms - 2.42kb[0m
[90mGET /app/login/login.js [32m200 [90m5ms - 971b[0m
[90mGET /app/services/datacontext.js [32m200 [90m4ms - 4.36kb[0m
[90mGET /app/services/directives.js [32m200 [90m10ms - 13.5kb[0m
[90mGET /isAuthenticated [33m403 [90m12ms - 9b[0m
[90mGET /app/layout/shell.html [32m200 [90m5ms - 833b[0m
[90mGET /app/dashboard/dashboard.html [32m200 [90m8ms - 441b[0m
[90mGET /app/layout/topnav.html [32m200 [90m6ms - 6.81kb[0m
[90mGET /app/dashboard/footer.html [32m200 [90m4ms - 1.73kb[0m
[90mGET /app/dashboard/anonDashboard.html [32m200 [90m20ms - 8.03kb[0m
[90mGET /app/dashboard/customerDashboard.html [32m200 [90m3ms - 251b[0m
[90mGET /app/dashboard/craftsmanDashboard.html [32m200 [90m4ms - 650b[0m
[90mGET /img/logo3.png [32m200 [90m21ms - 19.21kb[0m
[90mGET /app/layout/topnavSubMenu.html [32m200 [90m4ms - 3.31kb[0m
[90mGET /img/shares.jpg [32m200 [90m17ms - 6.94kb[0m
[90mGET /app/dashboard/footerCraftsmen.html [32m200 [90m4ms - 859b[0m
[90mGET /img/post_a_job.jpg [32m200 [90m8ms - 6.72kb[0m
[90mGET /img/compare_prices_and_quality.jpg [32m200 [90m16ms - 6.99kb[0m
[90mGET /img/make_your_choice.jpg [32m200 [90m6ms - 6.57kb[0m
[90mGET /img/how_craftia_works.jpg [32m200 [90m23ms - 89.86kb[0m
[90mGET /img/categories.jpg [32m200 [90m36ms - 8.58kb[0m
[90mGET /img/cartwheel.jpg [32m200 [90m24ms - 7.37kb[0m
[90mGET /img/wrench.jpg [32m200 [90m15ms - 6.8kb[0m
[90mGET /img/gardening.jpg [32m200 [90m6ms - 7.97kb[0m
[90mGET /img/carousel/Franchise-Handwerk.jpg [32m200 [90m25ms - 105.3kb[0m
[90mGET /img/underConstruction.png [32m200 [90m16ms - 2.8kb[0m
[90mGET /app/jobs/offerList.html [32m200 [90m5ms - 19.71kb[0m
[90mGET /fonts/ZineSerifDis-RegularItalic.otf [32m200 [90m54ms - 36.91kb[0m
[90mGET /app/jobs/findJobsTopNav.html [32m200 [90m5ms - 3.44kb[0m
[90mGET /img/bookmark_star.gif [32m200 [90m23ms - 1.34kb[0m
[90mGET /img/default_user.jpg [32m200 [90m17ms - 11.65kb[0m
[90mGET /img/address_selector.jpg [32m200 [90m21ms - 4.58kb[0m
{ name: /.*undefined.*/gi }
[90mGET /categories [32m200 [90m51ms - 981b[0m
[90mGET /listjobs [32m200 [90m17ms - 2b[0m
[90mGET /cities/undefined [32m200 [90m151ms - 2b[0m
[90mGET /app/layout/widgetheader.html [32m200 [90m5ms - 360b[0m
[90mGET /category/53a0b9af384514284a840fe1 [32m200 [90m14ms - 587b[0m
[90mGET /favicon.ico [33m404 [90m5ms[0m
Running on: 3000
Connected to DB


Running on: 3000
Connected to DB


Running on: 3000
Connected to DB


Running on: 3000
Connected to DB


Running on: 3000
Connected to DB
Running on: 3000
Connected to DB
Running on: 3000
Connected to DB
Running on: 3000
Connected to DB
Running on: 3000
Connected to DB
Running on: 3000
Connected to DB
Running on: 3000
Connected to DB
Running on: 3000
Connected to DB
Running on: 3000
Connected to DB
Running on: 3000
Connected to DB
Running on: 3000
Connected to DB
Running on: 3000
Connected to DB
Running on: 3000
Connected to DB
Running on: 3000
Connected to DB
Running on: 3000
Connected to DB
Running on: 3000
Connected to DB
Running on: 3000
Connected to DB
Running on: 3000
Connected to DB
Running on: 3000
Connected to DB
Running on: 3000
Connected to DB
Running on: 3000
Connected to DB
Running on: 3000
Connected to DB
Running on: 3000
Connected to DB
Running on: 3000
Connected to DB
Running on: 3000
Connected to DB
Running on: 3000
Connected to DB
Running on: 3000
Connected to DB
Running on: 3000
Connected to DB
Running on: 3000
Connected to DB
Running on: 3000
Connected to DB
Running on: 3000
Connected to DB
Running on: 3000
Connected to DB
Running on: 3000
Connected to DB
Running on: 3000
Connected to DB
Running on: 3000
Connected to DB
Running on: 3000
Connected to DB
Running on: 3000
Connected to DB
Running on: 3000
Connected to DB
Running on: 3000
Connected to DB
Running on: 3000
Connected to DB
Running on: 3000
Connected to DB
Running on: 3000
Connected to DB
Running on: 3000
Connected to DB
Running on: 3000
Connected to DB
Running on: 3000
Connected to DB
Running on: 3000
Connected to DB
Running on: 3000
Connected to DB
Running on: 3000
Connected to DB
Running on: 3000
Connected to DB
Running on: 3000
Connected to DB
Running on: 3000
Connected to DB
Running on: 3000
Connected to DB
Running on: 3000
Connected to DB
Running on: 3000
Connected to DB
Running on: 3000
Connected to DB
Running on: 3000
Connected to DB
Running on: 3000
Connected to DB
Running on: 3000
Connected to DB
Running on: 3000
Connected to DB
Running on: 3000
Connected to DB
Running on: 3000
Connected to DB
Running on: 3000
Connected to DB
Running on: 3000
Connected to DB
Running on: 3000
Connected to DB
Running on: 3000
Connected to DB
Running on: 3000
Connected to DB
Running on: 3000
Connected to DB
Running on: 3000
Connected to DB
Running on: 3000
Connected to DB
Running on: 3000
Connected to DB
Running on: 3000
Connected to DB
Running on: 3000
Connected to DB
Running on: 3000
Connected to DB
Running on: 3000
Connected to DB
Running on: 3000
Connected to DB
Running on: 3000
Connected to DB
Running on: 3000
Connected to DB
Running on: 3000
Connected to DB
Running on: 3000
Connected to DB
Running on: 3000
Connected to DB
Running on: 3000
Connected to DB
Running on: 3000
Connected to DB
Running on: 3000
Connected to DB
Running on: 3000
Connected to DB
Running on: 3000
Connected to DB
Running on: 3000
Connected to DB
Running on: 3000
Connected to DB
Running on: 3000
Connected to DB
Running on: 3000
Connected to DB
Running on: 3000
Connected to DB
Running on: 3000
Connected to DB
Running on: 3000
Connected to DB
Running on: 3000
Connected to DB
Running on: 3000
Connected to DB
Running on: 3000
Connected to DB
Running on: 3000
Connected to DB
Running on: 3000
Connected to DB
Running on: 3000
Connected to DB
Running on: 3000
Connected to DB
Running on: 3000
Connected to DB
Running on: 3000
Connected to DB
Running on: 3000
Connected to DB
Running on: 3000
Connected to DB
Running on: 3000
Connected to DB
Running on: 3000
Connected to DB
Running on: 3000
Connected to DB
Running on: 3000
Connected to DB
Running on: 3000
Connected to DB
Running on: 3000
Connected to DB
Running on: 3000
Connected to DB


Running on: 3000
Connected to DB


Running on: 3000
Connected to DB
Connected to DB


Running on: 3000
Connected to DB
Connected to DB
Running on: 3000
Connected to DB
Connected to DB


























JSONToMongo.coffee
JSONToMongo.coffee
JSONToMongo.coffee
JSONToMongo.coffee
JSONToMongo.coffee
JSONToMongo.coffee
JSONToMongo.coffee
JSONToMongo.coffee


JSONToMongo.coffee
JSONToMongo.coffee
JSONToMongo.coffee
JSONToMongo.coffee
JSONToMongo.coffee
JSONToMongo.coffee
JSONToMongo.coffee
JSONToMongo.coffee
JSONToMongo.coffee
JSONToMongo.coffee
JSONToMongo.coffee
JSONToMongo.coffee
JSONToMongo.coffee
JSONToMongo.coffee
JSONToMongo.coffee
JSONToMongo.coffee
JSONToMongo.coffee
JSONToMongo.coffee
JSONToMongo.coffee


JSONToMongo.coffee
JSONToMongo.coffee
JSONToMongo.coffee
JSONToMongo.coffee
JSONToMongo.coffee
JSONToMongo.coffee
JSONToMongo.coffee
JSONToMongo.coffee
JSONToMongo.js
MathProtos.coffee
MathProtos.js
ObjectProtos.coffee
ObjectProtos.js
JSONToMongo.coffee
JSONToMongo.js
MathProtos.coffee
MathProtos.js
ObjectProtos.coffee
ObjectProtos.js
JSONToMongo.coffee
JSONToMongo.js
MathProtos.coffee
MathProtos.js
ObjectProtos.coffee
ObjectProtos.js
JSONToMongo.coffee
JSONToMongo.js
MathProtos.coffee
MathProtos.js
ObjectProtos.coffee
ObjectProtos.js
JSONToMongo.coffee
JSONToMongo.js
MathProtos.coffee
MathProtos.js
ObjectProtos.coffee
ObjectProtos.js
JSONToMongo.coffee
JSONToMongo.js
MathProtos.coffee
MathProtos.js
ObjectProtos.coffee
ObjectProtos.js
JSONToMongo.coffee
JSONToMongo.js
MathProtos.coffee
MathProtos.js
ObjectProtos.coffee
ObjectProtos.js
JSONToMongo.coffee
JSONToMongo.js
MathProtos.coffee
MathProtos.js
ObjectProtos.coffee
ObjectProtos.js
JSONToMongo.coffee
JSONToMongo.js
MathProtos.coffee
MathProtos.js
ObjectProtos.coffee
ObjectProtos.js
JSONToMongo.coffee
JSONToMongo.js
MathProtos.coffee
MathProtos.js
ObjectProtos.coffee
ObjectProtos.js
JSONToMongo.coffee
JSONToMongo.js
MathProtos.coffee
MathProtos.js
ObjectProtos.coffee
ObjectProtos.js
JSONToMongo.coffee
JSONToMongo.js
MathProtos.coffee
MathProtos.js
ObjectProtos.coffee
ObjectProtos.js


JSONToMongo.coffee
JSONToMongo.js
MathProtos.coffee
MathProtos.js
ObjectProtos.coffee
ObjectProtos.js
JSONToMongo.coffee
JSONToMongo.js
MathProtos.coffee
MathProtos.js
ObjectProtos.coffee
ObjectProtos.js
JSONToMongo.coffee
JSONToMongo.js
MathProtos.coffee
MathProtos.js
ObjectProtos.coffee
ObjectProtos.js
JSONToMongo.js
MathProtos.js
ObjectProtos.js
StringProtos.js
Running on: 3000
Connected to DB


JSONToMongo.js
MathProtos.js
ObjectProtos.js
StringProtos.js
Running on: 3000
Connected to DB


undefined 'JSONToMongo.js'
[31mMotherfucker[39m MathProtos.js
[31mMotherfucker[39m ObjectProtos.js
[31mMotherfucker[39m StringProtos.js
Running on: 3000
Connected to DB
[90mGET / [36m304 [90m117ms[0m
[90mGET /css/ie10mobile.css [36m304 [90m26ms[0m
[90mGET /css/bootstrap.css [36m304 [90m10ms[0m
[90mGET /css/font-awesome.min.css [36m304 [90m18ms[0m
[90mGET /css/toastr.css [36m304 [90m17ms[0m
[90mGET /css/customtheme.css [36m304 [90m39ms[0m
[90mGET /css/styles.css [36m304 [90m13ms[0m
[90mGET /css/craftia-theme.css [36m304 [90m13ms[0m
[90mGET /css/lightbox.css [36m304 [90m9ms[0m
[90mGET /css/animate.min.css [36m304 [90m7ms[0m
[90mGET /vendor/jquery-ui/themes/smoothness/jquery-ui.css [36m304 [90m8ms[0m
[90mGET /css/craftia-topmenu.css [36m304 [90m4ms[0m
[90mGET /vendor/angular-carousel/dist/angular-carousel.css [36m304 [90m20ms[0m
[90mGET /vendor/jquery/dist/jquery.js [36m304 [90m18ms[0m
[90mGET /vendor/jquery-ui/ui/jquery-ui.js [36m304 [90m6ms[0m
[90mGET /vendor/angular/angular.js [36m304 [90m15ms[0m
[90mGET /vendor/ng-file-upload/angular-file-upload.js [36m304 [90m10ms[0m
[90mGET /vendor/angular/angular-animate.js [36m304 [90m7ms[0m
[90mGET /vendor/angular/angular-route.js [36m304 [90m12ms[0m
[90mGET /vendor/angular/angular-sanitize.js [36m304 [90m12ms[0m
[90mGET /vendor/angular/bootstrap.js [36m304 [90m14ms[0m
[90mGET /vendor/angular/toastr.js [36m304 [90m7ms[0m
[90mGET /vendor/angular/moment.js [36m304 [90m4ms[0m
[90mGET /vendor/angular/ui-bootstrap-tpls-0.10.0.js [36m304 [90m4ms[0m
[90mGET /vendor/angular/spin.js [36m304 [90m3ms[0m
[90mGET /vendor/angular-carousel/dist/angular-carousel.min.js [36m304 [90m5ms[0m
[90mGET /app/app.js [36m304 [90m27ms[0m
[90mGET /app/config.js [36m304 [90m27ms[0m
[90mGET /app/config.exceptionHandler.js [36m304 [90m24ms[0m
[90mGET /app/config.route.js [36m304 [90m19ms[0m
[90mGET /app/services/gmaps.js [36m304 [90m17ms[0m
[90mGET /app/services/authService.js [36m304 [90m15ms[0m
[90mGET /app/common/common.js [36m304 [90m4ms[0m
[90mGET /app/common/logger.js [36m304 [90m23ms[0m
[90mGET /app/common/spinner.js [36m304 [90m20ms[0m
[90mGET /app/common/bootstrap/bootstrap.dialog.js [36m304 [90m14ms[0m
[90mGET /app/admin/admin.js [36m304 [90m12ms[0m
[90mGET /app/dashboard/dashboard.js [36m304 [90m6ms[0m
[90mGET /app/layout/shell.js [36m304 [90m5ms[0m
[90mGET /app/layout/sidebar.js [36m304 [90m26ms[0m
[90mGET /app/jobs/jobs.js [36m304 [90m19ms[0m
[90mGET /app/jobs/job.js [36m304 [90m17ms[0m
[90mGET /app/craftsmen/craftsmen.js [36m304 [90m16ms[0m
[90mGET /app/profile/profile.js [36m304 [90m13ms[0m
[90mGET /app/layout/topnav.js [36m304 [90m3ms[0m
[90mGET /app/messages/messages.js [36m304 [90m7ms[0m
[90mGET /app/register/register.js [36m304 [90m7ms[0m
[90mGET /app/login/login.js [36m304 [90m10ms[0m
[90mGET /app/services/datacontext.js [36m304 [90m7ms[0m
[90mGET /app/services/directives.js [36m304 [90m8ms[0m
[90mGET /isAuthenticated [33m403 [90m5ms - 9b[0m
[90mGET /app/layout/shell.html [36m304 [90m5ms[0m
[90mGET /app/dashboard/dashboard.html [36m304 [90m5ms[0m
[90mGET /app/layout/topnav.html [36m304 [90m4ms[0m
[90mGET /app/dashboard/footer.html [36m304 [90m4ms[0m
[90mGET /app/dashboard/anonDashboard.html [36m304 [90m8ms[0m
[90mGET /app/dashboard/customerDashboard.html [36m304 [90m6ms[0m
[90mGET /app/dashboard/craftsmanDashboard.html [36m304 [90m4ms[0m
[90mGET /img/logo3.png [36m304 [90m11ms[0m
[90mGET /app/layout/topnavSubMenu.html [36m304 [90m4ms[0m
[90mGET /img/shares.jpg [36m304 [90m3ms[0m
[90mGET /app/dashboard/footerCraftsmen.html [36m304 [90m10ms[0m
[90mGET /img/post_a_job.jpg [36m304 [90m29ms[0m
[90mGET /img/compare_prices_and_quality.jpg [36m304 [90m32ms[0m
[90mGET /img/make_your_choice.jpg [36m304 [90m33ms[0m
[90mGET /img/how_craftia_works.jpg [36m304 [90m33ms[0m
[90mGET /img/categories.jpg [36m304 [90m25ms[0m
[90mGET /img/cartwheel.jpg [36m304 [90m23ms[0m
[90mGET /img/wrench.jpg [36m304 [90m13ms[0m
[90mGET /img/gardening.jpg [36m304 [90m14ms[0m
[90mGET /img/carousel/Franchise-Handwerk.jpg [36m304 [90m7ms[0m
[90mGET /img/underConstruction.png [36m304 [90m5ms[0m
[90mGET /app/jobs/offerList.html [36m304 [90m4ms[0m
[90mGET /fonts/ZineSerifDis-RegularItalic.otf [36m304 [90m3ms[0m
[90mGET /app/jobs/findJobsTopNav.html [36m304 [90m4ms[0m
[90mGET /img/default_user.jpg [36m304 [90m12ms[0m
[90mGET /img/bookmark_star.gif [36m304 [90m8ms[0m
[90mGET /img/address_selector.jpg [36m304 [90m7ms[0m
{ name: /.*undefined.*/gi }
[90mGET /cities/undefined [36m304 [90m37ms[0m
[90mGET /categories [36m304 [90m50ms[0m
[90mGET /listjobs [36m304 [90m44ms[0m
[90mGET /app/layout/widgetheader.html [36m304 [90m3ms[0m
[90mGET /category/53a0b9af384514284a840fe1 [36m304 [90m19ms[0m


Running on: 3000
Connected to DB

<<<<<<< HEAD

=======
Running node-supervisor with
  program 'server.js'
  --watch 'backend,utils,lib,config,server'
  --extensions 'coffee,js'
  --exec 'node'

Starting child process with 'node server.js'
Watching directory 'c:\git\c2\craftia\backend' for changes.
Watching directory 'c:\git\c2\craftia\utils' for changes.
Watching directory 'c:\git\c2\craftia\lib' for changes.
Watching directory 'c:\git\c2\craftia\config' for changes.
Watching directory 'c:\git\c2\craftia\server' for changes.
Program node server.js exited with code 8

Starting child process with 'node server.js'
Program node server.js exited with code 8

Starting child process with 'node server.js'
Program node server.js exited with code 8

Starting child process with 'node server.js'
Program node server.js exited with code 8

Starting child process with 'node server.js'
Program node server.js exited with code 8

Starting child process with 'node server.js'
Program node server.js exited with code 8

Starting child process with 'node server.js'
Program node server.js exited with code 8

Starting child process with 'node server.js'
Program node server.js exited with code 8

Starting child process with 'node server.js'
Program node server.js exited with code 8

Starting child process with 'node server.js'
Program node server.js exited with code 8

Starting child process with 'node server.js'
Program node server.js exited with code 8

Starting child process with 'node server.js'

Running node-supervisor with
  program 'server.js'
  --watch 'backend,utils,lib,config,server'
  --extensions 'coffee,js'
  --exec 'node'

Starting child process with 'node server.js'
Watching directory 'c:\git\c2\craftia\backend' for changes.
Watching directory 'c:\git\c2\craftia\utils' for changes.
Watching directory 'c:\git\c2\craftia\lib' for changes.
Watching directory 'c:\git\c2\craftia\config' for changes.
Watching directory 'c:\git\c2\craftia\server' for changes.
Running on: 3000
Connected to DB
[90mGET / [32m200 [90m27.938 ms - 4972[0m
[90mGET /css/ie10mobile.css [32m200 [90m17.996 ms - 239[0m
[90mGET /css/font-awesome.min.css [32m200 [90m24.801 ms - 17783[0m
[90mGET /css/toastr.css [32m200 [90m25.278 ms - 6959[0m
[90mGET /css/customtheme.css [32m200 [90m25.855 ms - 26744[0m
[90mGET /css/styles.css [32m200 [90m25.549 ms - 9922[0m
[90mGET /css/bootstrap.css [32m200 [90m27.280 ms - 129586[0m
[90mGET /css/craftia-theme.css [32m200 [90m24.082 ms - 16479[0m
[90mGET /css/lightbox.css [32m200 [90m20.866 ms - 650[0m
[90mGET /css/animate.min.css [32m200 [90m20.707 ms - 47621[0m
[90mGET /vendor/jquery-ui/themes/smoothness/jquery-ui.css [32m200 [90m20.873 ms - 33199[0m
[90mGET /vendor/angular-carousel/dist/angular-carousel.css [32m200 [90m15.739 ms - 1705[0m
[90mGET /css/craftia-topmenu.css [32m200 [90m17.137 ms - 2198[0m
[90mGET /vendor/jquery/dist/jquery.js [32m200 [90m21.648 ms - 255998[0m
[90mGET /vendor/ng-file-upload/angular-file-upload.js [32m200 [90m14.412 ms - 5586[0m
[90mGET /vendor/angular/angular-route.js [32m200 [90m12.359 ms - 33426[0m
[90mGET /vendor/angular/angular-sanitize.js [32m200 [90m7.898 ms - 21361[0m
[90mGET /vendor/jquery-ui/ui/jquery-ui.js [32m200 [90m28.705 ms - 450847[0m
[90mGET /vendor/angular/angular-animate.js [32m200 [90m15.809 ms - 74888[0m
[90mGET /vendor/angular/bootstrap.js [32m200 [90m4.502 ms - 60539[0m
[90mGET /vendor/angular/toastr.js [32m200 [90m4.506 ms - 8040[0m
[90mGET /vendor/angular/moment.js [32m200 [90m4.225 ms - 79607[0m
[90mGET /vendor/angular/spin.js [32m200 [90m1.645 ms - 10544[0m
[90mGET /vendor/angular/ui-bootstrap-tpls-0.10.0.js [32m200 [90m2.731 ms - 130129[0m
[90mGET /vendor/angular/angular.js [32m200 [90m140.488 ms - 787178[0m
[90mGET /vendor/angular-carousel/dist/angular-carousel.min.js [32m200 [90m5.494 ms - 5634[0m
[90mGET /app/app.js [32m200 [90m5.256 ms - 1868[0m
[90mGET /app/config.exceptionHandler.js [32m200 [90m4.118 ms - 1190[0m
[90mGET /app/config.js [32m200 [90m5.104 ms - 1285[0m
[90mGET /app/config.route.js [32m200 [90m1.710 ms - 9173[0m
[90mGET /app/services/gmaps.js [32m200 [90m23.341 ms - 1735[0m
[90mGET /app/services/authService.js [32m200 [90m24.996 ms - 3220[0m
[90mGET /app/common/common.js [32m200 [90m24.433 ms - 4797[0m
[90mGET /app/common/logger.js [32m200 [90m24.415 ms - 2345[0m
[90mGET /app/common/spinner.js [32m200 [90m23.919 ms - 696[0m
[90mGET /app/common/bootstrap/bootstrap.dialog.js [32m200 [90m23.382 ms - 2916[0m
[90mGET /app/admin/admin.js [32m200 [90m3.379 ms - 527[0m
[90mGET /app/dashboard/dashboard.js [32m200 [90m3.081 ms - 3864[0m
[90mGET /app/layout/shell.js [32m200 [90m4.434 ms - 1552[0m
[90mGET /app/layout/sidebar.js [32m200 [90m5.349 ms - 1861[0m
[90mGET /app/jobs/jobs.js [32m200 [90m6.395 ms - 21758[0m
[90mGET /app/jobs/job.js [32m200 [90m6.644 ms - 1496[0m
[90mGET /app/craftsmen/craftsmen.js [32m200 [90m4.709 ms - 5709[0m
[90mGET /app/profile/profile.js [32m200 [90m4.328 ms - 1957[0m
[90mGET /app/layout/topnav.js [32m200 [90m3.938 ms - 5777[0m
[90mGET /app/messages/messages.js [32m200 [90m3.592 ms - 3600[0m
[90mGET /app/register/register.js [32m200 [90m3.391 ms - 2563[0m
[90mGET /app/login/login.js [32m200 [90m2.907 ms - 1007[0m
[90mGET /app/services/datacontext.js [32m200 [90m3.256 ms - 4575[0m
[90mGET /app/services/directives.js [32m200 [90m3.190 ms - 14253[0m
[90mGET /isAuthenticated [33m403 [90m1.274 ms - 9[0m
[90mGET /app/dashboard/dashboard.html [32m200 [90m1.564 ms - 455[0m
[90mGET /app/layout/shell.html [32m200 [90m2.731 ms - 855[0m
[90mGET /fonts/fontawesome-webfont.woff?v=4.0.3 [32m200 [90m1.397 ms - 44432[0m
[90mGET /app/layout/topnav.html [32m200 [90m4.184 ms - 4033[0m
[90mGET /app/dashboard/footer.html [32m200 [90m3.545 ms - 1849[0m
[90mGET /app/dashboard/anonDashboard.html [32m200 [90m3.259 ms - 8433[0m
[90mGET /app/dashboard/customerDashboard.html [32m200 [90m3.009 ms - 263[0m
[90mGET /app/dashboard/craftsmanDashboard.html [32m200 [90m2.507 ms - 662[0m
[90mGET /img/logo3.png [32m200 [90m1.366 ms - 19670[0m
[90mGET /app/layout/userBar.html [32m200 [90m2.897 ms - 2002[0m
[90mGET /app/layout/topnavSubMenu.html [32m200 [90m2.920 ms - 3018[0m
[90mGET /img/shares.jpg [32m200 [90m2.544 ms - 7107[0m
[90mGET /app/dashboard/footerCraftsmen.html [32m200 [90m1.249 ms - 916[0m
[90mGET /img/post_a_job.jpg [32m200 [90m5.931 ms - 6879[0m
[90mGET /img/compare_prices_and_quality.jpg [32m200 [90m6.145 ms - 7160[0m
[90mGET /img/make_your_choice.jpg [32m200 [90m5.702 ms - 6729[0m
[90mGET /img/categories.jpg [32m200 [90m4.577 ms - 8787[0m
[90mGET /img/how_craftia_works.jpg [32m200 [90m6.039 ms - 92017[0m
[90mGET /img/cartwheel.jpg [32m200 [90m5.579 ms - 7543[0m
[90mGET /img/wrench.jpg [32m200 [90m1.890 ms - 6964[0m
[90mGET /img/gardening.jpg [32m200 [90m1.796 ms - 8158[0m
[90mGET /img/underConstruction.png [32m200 [90m3.174 ms - 2865[0m
[90mGET /img/carousel/Franchise-Handwerk.jpg [32m200 [90m3.808 ms - 107831[0m
[90mGET /fonts/ZineSerifDis-RegularItalic.otf [32m200 [90m3.630 ms - 37800[0m
[90mGET /img/underConstruction_small.png [32m200 [90m1.165 ms - 369[0m
[90mGET /app/jobs/offerList.html [32m200 [90m1.334 ms - 8663[0m
[90mGET /fonts/glyphicons-halflings-regular.woff [32m200 [90m1.352 ms - 23292[0m
[90mGET /app/jobs/findJobsTopNav.html [32m200 [90m1.040 ms - 3601[0m
[90mGET /img/address_selector.jpg [32m200 [90m1.351 ms - 4695[0m
[90mGET /img/bookmark_star.gif [32m200 [90m2.398 ms - 1376[0m
[90mGET /img/default_user.jpg [32m200 [90m3.064 ms - 11932[0m
{ name: /.*undefined.*/gi }
[90mGET /categories [32m200 [90m5.948 ms - 981[0m
[90mGET /listjobs [32m200 [90m10.896 ms - 2[0m
[90mGET /cities/undefined [32m200 [90m13.302 ms - 2[0m
[90mGET /app/layout/widgetheader.html [32m200 [90m1.772 ms - 366[0m
[90mGET /category/538e5e18a14abdc8070d58be [32m200 [90m2.514 ms - 587[0m

Running node-supervisor with
  program 'server.js'
  --watch 'backend,utils,lib,config,server'
  --extensions 'coffee,js'
  --exec 'node'

Starting child process with 'node server.js'
Watching directory 'c:\git\c2\craftia\backend' for changes.
Watching directory 'c:\git\c2\craftia\utils' for changes.
Watching directory 'c:\git\c2\craftia\lib' for changes.
Watching directory 'c:\git\c2\craftia\config' for changes.
Watching directory 'c:\git\c2\craftia\server' for changes.
Running on: 3000
Connected to DB
[90mGET / [36m304 [90m31.646 ms - -[0m
[90mGET /css/ie10mobile.css [36m304 [90m17.754 ms - -[0m
[90mGET /css/bootstrap.css [36m304 [90m12.925 ms - -[0m
[90mGET /css/font-awesome.min.css [36m304 [90m2.125 ms - -[0m
[90mGET /css/toastr.css [36m304 [90m5.481 ms - -[0m
[90mGET /css/customtheme.css [36m304 [90m1.756 ms - -[0m
[90mGET /css/styles.css [36m304 [90m3.826 ms - -[0m
[90mGET /css/craftia-theme.css [36m304 [90m1.862 ms - -[0m
[90mGET /css/lightbox.css [36m304 [90m0.818 ms - -[0m
[90mGET /css/animate.min.css [36m304 [90m1.318 ms - -[0m
[90mGET /vendor/jquery-ui/themes/smoothness/jquery-ui.css [36m304 [90m1.716 ms - -[0m
[90mGET /css/craftia-topmenu.css [36m304 [90m0.710 ms - -[0m
[90mGET /vendor/angular-carousel/dist/angular-carousel.css [36m304 [90m0.679 ms - -[0m
[90mGET /vendor/jquery/dist/jquery.js [36m304 [90m0.662 ms - -[0m
[90mGET /vendor/jquery-ui/ui/jquery-ui.js [36m304 [90m1.847 ms - -[0m
[90mGET /vendor/angular/angular.js [36m304 [90m1.623 ms - -[0m
[90mGET /vendor/ng-file-upload/angular-file-upload.js [36m304 [90m1.684 ms - -[0m
[90mGET /vendor/angular/angular-animate.js [36m304 [90m0.729 ms - -[0m
[90mGET /vendor/angular/angular-route.js [36m304 [90m1.252 ms - -[0m
[90mGET /vendor/angular/angular-sanitize.js [36m304 [90m1.222 ms - -[0m
[90mGET /vendor/angular/bootstrap.js [36m304 [90m0.880 ms - -[0m
[90mGET /vendor/angular/toastr.js [36m304 [90m1.121 ms - -[0m
[90mGET /vendor/angular/moment.js [36m304 [90m2.633 ms - -[0m
[90mGET /vendor/angular/ui-bootstrap-tpls-0.10.0.js [36m304 [90m1.337 ms - -[0m
[90mGET /vendor/angular/spin.js [36m304 [90m2.295 ms - -[0m
[90mGET /vendor/angular-carousel/dist/angular-carousel.min.js [36m304 [90m1.026 ms - -[0m
[90mGET /app/app.js [36m304 [90m1.082 ms - -[0m
[90mGET /app/config.js [36m304 [90m0.990 ms - -[0m
[90mGET /app/config.exceptionHandler.js [36m304 [90m0.664 ms - -[0m
[90mGET /app/config.route.js [36m304 [90m11.372 ms - -[0m
[90mGET /app/services/gmaps.js [36m304 [90m0.693 ms - -[0m
[90mGET /app/services/authService.js [36m304 [90m1.163 ms - -[0m
[90mGET /app/common/common.js [36m304 [90m1.616 ms - -[0m
[90mGET /app/common/logger.js [36m304 [90m1.091 ms - -[0m
[90mGET /app/common/spinner.js [36m304 [90m1.237 ms - -[0m
[90mGET /app/common/bootstrap/bootstrap.dialog.js [36m304 [90m1.197 ms - -[0m
[90mGET /app/admin/admin.js [36m304 [90m0.783 ms - -[0m
[90mGET /app/dashboard/dashboard.js [36m304 [90m0.682 ms - -[0m
[90mGET /app/layout/shell.js [36m304 [90m0.811 ms - -[0m
[90mGET /app/layout/sidebar.js [36m304 [90m0.891 ms - -[0m
[90mGET /app/jobs/jobs.js [36m304 [90m0.749 ms - -[0m
[90mGET /app/jobs/job.js [36m304 [90m0.613 ms - -[0m
[90mGET /app/craftsmen/craftsmen.js [36m304 [90m1.164 ms - -[0m
[90mGET /app/profile/profile.js [36m304 [90m1.294 ms - -[0m
[90mGET /app/layout/topnav.js [36m304 [90m1.060 ms - -[0m
[90mGET /app/messages/messages.js [36m304 [90m0.618 ms - -[0m
[90mGET /app/register/register.js [36m304 [90m1.123 ms - -[0m
[90mGET /app/login/login.js [36m304 [90m0.790 ms - -[0m
[90mGET /app/services/datacontext.js [36m304 [90m0.561 ms - -[0m
[90mGET /app/services/directives.js [36m304 [90m0.957 ms - -[0m
[90mGET /isAuthenticated [33m403 [90m0.853 ms - 9[0m
[90mGET /app/layout/shell.html [36m304 [90m2.122 ms - -[0m
[90mGET /app/dashboard/dashboard.html [36m304 [90m1.826 ms - -[0m
[90mGET /fonts/fontawesome-webfont.woff?v=4.0.3 [36m304 [90m0.899 ms - -[0m
[90mGET /app/layout/topnav.html [36m304 [90m1.549 ms - -[0m
[90mGET /app/dashboard/footer.html [36m304 [90m1.447 ms - -[0m
[90mGET /app/dashboard/anonDashboard.html [36m304 [90m1.342 ms - -[0m
[90mGET /app/dashboard/customerDashboard.html [36m304 [90m1.853 ms - -[0m
[90mGET /app/dashboard/craftsmanDashboard.html [36m304 [90m1.904 ms - -[0m
[90mGET /img/logo3.png [36m304 [90m1.141 ms - -[0m
[90mGET /app/layout/topnavSubMenu.html [36m304 [90m3.268 ms - -[0m
[90mGET /img/underConstruction_small.png [36m304 [90m3.935 ms - -[0m
[90mGET /img/shares.jpg [36m304 [90m2.632 ms - -[0m
[90mGET /app/layout/userBar.html [32m200 [90m9.740 ms - 2002[0m
[90mGET /app/dashboard/footerCraftsmen.html [36m304 [90m0.745 ms - -[0m
[90mGET /img/post_a_job.jpg [36m304 [90m2.744 ms - -[0m
[90mGET /img/compare_prices_and_quality.jpg [36m304 [90m2.546 ms - -[0m
[90mGET /img/make_your_choice.jpg [36m304 [90m4.267 ms - -[0m
[90mGET /img/how_craftia_works.jpg [36m304 [90m5.921 ms - -[0m
[90mGET /img/categories.jpg [36m304 [90m4.472 ms - -[0m
[90mGET /img/cartwheel.jpg [36m304 [90m3.985 ms - -[0m
[90mGET /img/wrench.jpg [36m304 [90m2.735 ms - -[0m
[90mGET /img/gardening.jpg [36m304 [90m2.031 ms - -[0m
[90mGET /img/carousel/Franchise-Handwerk.jpg [36m304 [90m1.216 ms - -[0m
[90mGET /img/underConstruction.png [36m304 [90m1.057 ms - -[0m
[90mGET /fonts/ZineSerifDis-RegularItalic.otf [36m304 [90m1.000 ms - -[0m
[90mGET /app/jobs/offerList.html [36m304 [90m2.453 ms - -[0m
[90mGET /app/jobs/findJobsTopNav.html [36m304 [90m1.276 ms - -[0m
[90mGET /fonts/glyphicons-halflings-regular.woff [36m304 [90m0.870 ms - -[0m
[90mGET /img/default_user.jpg [36m304 [90m1.514 ms - -[0m
[90mGET /img/bookmark_star.gif [36m304 [90m1.232 ms - -[0m
[90mGET /img/address_selector.jpg [36m304 [90m1.173 ms - -[0m
{ name: /.*undefined.*/gi }
[90mGET /cities/undefined [36m304 [90m8.005 ms - -[0m
[90mGET /categories [36m304 [90m10.192 ms - -[0m
[90mGET /listjobs [36m304 [90m10.150 ms - -[0m
[90mGET /app/layout/widgetheader.html [36m304 [90m0.754 ms - -[0m
[90mGET /category/538e5e18a14abdc8070d58be [36m304 [90m2.391 ms - -[0m
[90mGET / [36m304 [90m3.227 ms - -[0m
[90mGET /css/ie10mobile.css [36m304 [90m13.433 ms - -[0m
[90mGET /css/bootstrap.css [36m304 [90m12.962 ms - -[0m
[90mGET /css/font-awesome.min.css [36m304 [90m12.621 ms - -[0m
[90mGET /css/toastr.css [36m304 [90m11.397 ms - -[0m
[90mGET /css/customtheme.css [36m304 [90m11.060 ms - -[0m
[90mGET /css/styles.css [36m304 [90m10.711 ms - -[0m
[90mGET /css/craftia-theme.css [36m304 [90m4.932 ms - -[0m
[90mGET /css/lightbox.css [36m304 [90m4.510 ms - -[0m
[90mGET /css/animate.min.css [36m304 [90m3.215 ms - -[0m
[90mGET /vendor/jquery-ui/themes/smoothness/jquery-ui.css [36m304 [90m2.420 ms - -[0m
[90mGET /css/craftia-topmenu.css [36m304 [90m2.294 ms - -[0m
[90mGET /vendor/angular-carousel/dist/angular-carousel.css [36m304 [90m2.383 ms - -[0m
[90mGET /vendor/jquery/dist/jquery.js [36m304 [90m2.260 ms - -[0m
[90mGET /vendor/jquery-ui/ui/jquery-ui.js [36m304 [90m6.658 ms - -[0m
[90mGET /vendor/angular/angular.js [36m304 [90m6.741 ms - -[0m
[90mGET /vendor/ng-file-upload/angular-file-upload.js [36m304 [90m4.663 ms - -[0m
[90mGET /vendor/angular/angular-animate.js [36m304 [90m4.641 ms - -[0m
[90mGET /vendor/angular/angular-route.js [36m304 [90m4.469 ms - -[0m
[90mGET /vendor/angular/angular-sanitize.js [36m304 [90m4.424 ms - -[0m
[90mGET /vendor/angular/bootstrap.js [36m304 [90m9.419 ms - -[0m
[90mGET /vendor/angular/toastr.js [36m304 [90m9.117 ms - -[0m
[90mGET /vendor/angular/moment.js [36m304 [90m8.874 ms - -[0m
[90mGET /vendor/angular/ui-bootstrap-tpls-0.10.0.js [36m304 [90m8.022 ms - -[0m
[90mGET /vendor/angular/spin.js [36m304 [90m8.242 ms - -[0m
[90mGET /vendor/angular-carousel/dist/angular-carousel.min.js [36m304 [90m7.892 ms - -[0m
[90mGET /app/app.js [36m304 [90m5.258 ms - -[0m
[90mGET /app/config.js [36m304 [90m4.816 ms - -[0m
[90mGET /app/config.exceptionHandler.js [36m304 [90m4.070 ms - -[0m
[90mGET /app/config.route.js [36m304 [90m3.749 ms - -[0m
[90mGET /app/services/gmaps.js [36m304 [90m3.366 ms - -[0m
[90mGET /app/services/authService.js [36m304 [90m3.297 ms - -[0m
[90mGET /app/common/common.js [36m304 [90m3.990 ms - -[0m
[90mGET /app/common/logger.js [36m304 [90m3.563 ms - -[0m
[90mGET /app/common/spinner.js [36m304 [90m3.439 ms - -[0m
[90mGET /app/common/bootstrap/bootstrap.dialog.js [36m304 [90m3.161 ms - -[0m
[90mGET /app/admin/admin.js [36m304 [90m4.943 ms - -[0m
[90mGET /app/dashboard/dashboard.js [36m304 [90m5.019 ms - -[0m
[90mGET /app/layout/shell.js [36m304 [90m4.766 ms - -[0m
[90mGET /app/layout/sidebar.js [36m304 [90m15.935 ms - -[0m
[90mGET /app/jobs/jobs.js [36m304 [90m15.872 ms - -[0m
[90mGET /app/jobs/job.js [36m304 [90m15.748 ms - -[0m
[90mGET /app/craftsmen/craftsmen.js [36m304 [90m18.799 ms - -[0m
[90mGET /app/profile/profile.js [36m304 [90m20.253 ms - -[0m
[90mGET /app/layout/topnav.js [36m304 [90m18.972 ms - -[0m
[90mGET /app/messages/messages.js [36m304 [90m12.531 ms - -[0m
[90mGET /app/register/register.js [36m304 [90m8.533 ms - -[0m
[90mGET /app/login/login.js [36m304 [90m7.337 ms - -[0m
[90mGET /app/services/datacontext.js [36m304 [90m7.464 ms - -[0m
[90mGET /app/services/directives.js [36m304 [90m6.907 ms - -[0m
[90mGET /isAuthenticated [33m403 [90m0.596 ms - 9[0m
[90mGET /app/layout/shell.html [36m304 [90m0.744 ms - -[0m
[90mGET /app/dashboard/dashboard.html [36m304 [90m3.534 ms - -[0m
[90mGET /fonts/fontawesome-webfont.woff?v=4.0.3 [36m304 [90m1.214 ms - -[0m
[90mGET /app/layout/topnav.html [36m304 [90m0.950 ms - -[0m
[90mGET /app/dashboard/footer.html [36m304 [90m0.729 ms - -[0m
[90mGET /app/dashboard/anonDashboard.html [36m304 [90m2.271 ms - -[0m
[90mGET /app/dashboard/craftsmanDashboard.html [36m304 [90m1.982 ms - -[0m
[90mGET /app/dashboard/customerDashboard.html [36m304 [90m3.087 ms - -[0m
[90mGET /img/logo3.png [36m304 [90m1.027 ms - -[0m
[90mGET /app/layout/topnavSubMenu.html [36m304 [90m1.246 ms - -[0m
[90mGET /img/underConstruction_small.png [36m304 [90m0.776 ms - -[0m
[90mGET /app/layout/userBar.html [32m200 [90m2.546 ms - 2002[0m
[90mGET /img/shares.jpg [36m304 [90m0.836 ms - -[0m
[90mGET /app/dashboard/footerCraftsmen.html [36m304 [90m0.706 ms - -[0m
[90mGET /img/post_a_job.jpg [36m304 [90m2.164 ms - -[0m
[90mGET /img/compare_prices_and_quality.jpg [36m304 [90m1.531 ms - -[0m
[90mGET /img/make_your_choice.jpg [36m304 [90m1.342 ms - -[0m
[90mGET /img/how_craftia_works.jpg [36m304 [90m1.151 ms - -[0m
[90mGET /img/categories.jpg [36m304 [90m1.578 ms - -[0m
[90mGET /img/cartwheel.jpg [36m304 [90m0.626 ms - -[0m
[90mGET /img/wrench.jpg [36m304 [90m0.864 ms - -[0m
[90mGET /img/gardening.jpg [36m304 [90m1.067 ms - -[0m
[90mGET /img/carousel/Franchise-Handwerk.jpg [36m304 [90m1.128 ms - -[0m
[90mGET /img/underConstruction.png [36m304 [90m1.029 ms - -[0m
[90mGET /fonts/ZineSerifDis-RegularItalic.otf [36m304 [90m1.034 ms - -[0m
[90mGET /app/jobs/offerList.html [36m304 [90m1.872 ms - -[0m
[90mGET /app/jobs/findJobsTopNav.html [36m304 [90m1.405 ms - -[0m
[90mGET /fonts/glyphicons-halflings-regular.woff [36m304 [90m0.840 ms - -[0m
[90mGET /img/default_user.jpg [36m304 [90m1.327 ms - -[0m
[90mGET /img/bookmark_star.gif [36m304 [90m1.119 ms - -[0m
[90mGET /img/address_selector.jpg [36m304 [90m1.293 ms - -[0m
{ name: /.*undefined.*/gi }
[90mGET /cities/undefined [36m304 [90m4.245 ms - -[0m
[90mGET /categories [36m304 [90m5.137 ms - -[0m
[90mGET /listjobs [36m304 [90m6.722 ms - -[0m
[90mGET /app/layout/widgetheader.html [36m304 [90m0.683 ms - -[0m
[90mGET /category/538e5e18a14abdc8070d58be [36m304 [90m1.344 ms - -[0m
[90mGET / [36m304 [90m2.233 ms - -[0m
[90mGET /css/ie10mobile.css [36m304 [90m9.481 ms - -[0m
[90mGET /css/bootstrap.css [36m304 [90m10.209 ms - -[0m
[90mGET /css/font-awesome.min.css [36m304 [90m9.997 ms - -[0m
[90mGET /css/toastr.css [36m304 [90m9.389 ms - -[0m
[90mGET /css/customtheme.css [36m304 [90m7.679 ms - -[0m
[90mGET /css/styles.css [36m304 [90m7.353 ms - -[0m
[90mGET /css/craftia-theme.css [36m304 [90m2.465 ms - -[0m
[90mGET /css/lightbox.css [36m304 [90m1.087 ms - -[0m
[90mGET /css/animate.min.css [36m304 [90m3.462 ms - -[0m
[90mGET /vendor/jquery-ui/themes/smoothness/jquery-ui.css [36m304 [90m3.628 ms - -[0m
[90mGET /css/craftia-topmenu.css [36m304 [90m3.502 ms - -[0m
[90mGET /vendor/angular-carousel/dist/angular-carousel.css [36m304 [90m4.963 ms - -[0m
[90mGET /vendor/jquery/dist/jquery.js [36m304 [90m5.070 ms - -[0m
[90mGET /vendor/jquery-ui/ui/jquery-ui.js [36m304 [90m5.243 ms - -[0m
[90mGET /vendor/angular/angular.js [36m304 [90m12.503 ms - -[0m
[90mGET /vendor/ng-file-upload/angular-file-upload.js [36m304 [90m12.517 ms - -[0m
[90mGET /vendor/angular/angular-animate.js [36m304 [90m12.960 ms - -[0m
[90mGET /vendor/angular/angular-route.js [36m304 [90m12.180 ms - -[0m
[90mGET /vendor/angular/angular-sanitize.js [36m304 [90m13.564 ms - -[0m
[90mGET /vendor/angular/bootstrap.js [36m304 [90m13.229 ms - -[0m
[90mGET /vendor/angular/toastr.js [36m304 [90m7.779 ms - -[0m
[90mGET /vendor/angular/moment.js [36m304 [90m9.257 ms - -[0m
[90mGET /vendor/angular/ui-bootstrap-tpls-0.10.0.js [36m304 [90m9.139 ms - -[0m
[90mGET /vendor/angular/spin.js [36m304 [90m8.635 ms - -[0m
[90mGET /vendor/angular-carousel/dist/angular-carousel.min.js [36m304 [90m10.414 ms - -[0m
[90mGET /app/app.js [36m304 [90m9.382 ms - -[0m
[90mGET /app/config.js [36m304 [90m4.223 ms - -[0m
[90mGET /app/config.exceptionHandler.js [36m304 [90m2.292 ms - -[0m
[90mGET /app/config.route.js [36m304 [90m1.871 ms - -[0m
[90mGET /app/services/gmaps.js [36m304 [90m1.667 ms - -[0m
[90mGET /app/services/authService.js [36m304 [90m4.882 ms - -[0m
[90mGET /app/common/common.js [36m304 [90m5.127 ms - -[0m
[90mGET /app/common/logger.js [36m304 [90m4.558 ms - -[0m
[90mGET /app/common/spinner.js [36m304 [90m4.599 ms - -[0m
[90mGET /app/common/bootstrap/bootstrap.dialog.js [36m304 [90m4.633 ms - -[0m
[90mGET /app/admin/admin.js [36m304 [90m4.462 ms - -[0m
[90mGET /app/dashboard/dashboard.js [36m304 [90m3.283 ms - -[0m
[90mGET /app/layout/shell.js [36m304 [90m3.287 ms - -[0m
[90mGET /app/layout/sidebar.js [36m304 [90m3.032 ms - -[0m
[90mGET /app/jobs/jobs.js [36m304 [90m2.480 ms - -[0m
[90mGET /app/jobs/job.js [36m304 [90m2.563 ms - -[0m
[90mGET /app/craftsmen/craftsmen.js [36m304 [90m2.388 ms - -[0m
[90mGET /app/profile/profile.js [36m304 [90m2.907 ms - -[0m
[90mGET /app/layout/topnav.js [36m304 [90m3.466 ms - -[0m
[90mGET /app/messages/messages.js [36m304 [90m3.172 ms - -[0m
[90mGET /app/register/register.js [36m304 [90m3.286 ms - -[0m
[90mGET /app/login/login.js [36m304 [90m2.849 ms - -[0m
[90mGET /app/services/datacontext.js [36m304 [90m2.783 ms - -[0m
[90mGET /app/services/directives.js [36m304 [90m1.527 ms - -[0m
[90mGET /isAuthenticated [33m403 [90m0.474 ms - 9[0m
[90mGET /app/layout/shell.html [36m304 [90m0.794 ms - -[0m
[90mGET /app/dashboard/dashboard.html [36m304 [90m0.602 ms - -[0m
[90mGET /fonts/fontawesome-webfont.woff?v=4.0.3 [36m304 [90m1.134 ms - -[0m
[90mGET /app/layout/topnav.html [36m304 [90m1.226 ms - -[0m
[90mGET /app/dashboard/footer.html [36m304 [90m1.116 ms - -[0m
[90mGET /app/dashboard/anonDashboard.html [36m304 [90m2.284 ms - -[0m
[90mGET /app/dashboard/customerDashboard.html [36m304 [90m1.766 ms - -[0m
[90mGET /app/dashboard/craftsmanDashboard.html [36m304 [90m1.065 ms - -[0m
[90mGET /img/logo3.png [36m304 [90m0.777 ms - -[0m
[90mGET /app/layout/topnavSubMenu.html [36m304 [90m0.946 ms - -[0m
[90mGET /img/underConstruction_small.png [36m304 [90m1.089 ms - -[0m
[90mGET /app/layout/userBar.html [32m200 [90m2.324 ms - 2011[0m
[90mGET /img/shares.jpg [36m304 [90m0.688 ms - -[0m
[90mGET /app/dashboard/footerCraftsmen.html [36m304 [90m1.424 ms - -[0m
[90mGET /img/post_a_job.jpg [36m304 [90m2.393 ms - -[0m
[90mGET /img/compare_prices_and_quality.jpg [36m304 [90m2.257 ms - -[0m
[90mGET /img/make_your_choice.jpg [36m304 [90m2.531 ms - -[0m
[90mGET /img/how_craftia_works.jpg [36m304 [90m2.431 ms - -[0m
[90mGET /img/categories.jpg [36m304 [90m1.786 ms - -[0m
[90mGET /img/cartwheel.jpg [36m304 [90m1.866 ms - -[0m
[90mGET /img/wrench.jpg [36m304 [90m0.891 ms - -[0m
[90mGET /img/gardening.jpg [36m304 [90m1.328 ms - -[0m
[90mGET /img/carousel/Franchise-Handwerk.jpg [36m304 [90m1.146 ms - -[0m
[90mGET /img/underConstruction.png [36m304 [90m1.027 ms - -[0m
[90mGET /fonts/ZineSerifDis-RegularItalic.otf [36m304 [90m0.833 ms - -[0m
[90mGET /app/jobs/offerList.html [36m304 [90m0.794 ms - -[0m
[90mGET /app/jobs/findJobsTopNav.html [36m304 [90m1.763 ms - -[0m
[90mGET /fonts/glyphicons-halflings-regular.woff [36m304 [90m1.381 ms - -[0m
[90mGET /img/default_user.jpg [36m304 [90m6.963 ms - -[0m
[90mGET /img/bookmark_star.gif [36m304 [90m6.554 ms - -[0m
[90mGET /img/address_selector.jpg [36m304 [90m6.277 ms - -[0m
{ name: /.*undefined.*/gi }
[90mGET /cities/undefined [36m304 [90m1.694 ms - -[0m
[90mGET /categories [36m304 [90m1.851 ms - -[0m
[90mGET /listjobs [36m304 [90m6.158 ms - -[0m
[90mGET /app/layout/widgetheader.html [36m304 [90m0.703 ms - -[0m
[90mGET /category/538e5e18a14abdc8070d58be [36m304 [90m1.578 ms - -[0m
>>>>>>> 382693199b5253ceeac05362851beaa1597d80f9
